13:21:23, INFO     [Utils.py:50] =====================================CONFIG=========================================
13:21:23, INFO     [Utils.py:51] START TIME: 13:21:23
13:21:23, INFO     [Utils.py:52] -----------------------------------COMMUNICATION------------------------------------
13:21:23, INFO     [Utils.py:53] Power Level: 5, Codebook Size: 4, Cell Length: 100.0 m, Cell Number: 7
13:21:23, INFO     [Utils.py:55] Path Loss Exponent: 3, Log-normal Sigma: 8 db, Gaussian Sigma: 1 db
13:21:23, INFO     [Utils.py:57] -----------------------------------------DL------------------------------------------
13:21:23, INFO     [Utils.py:58] Batch Size: 512, Total time slot: 300, Learning Rate: 0.0001, Reg Beta: 0.0
13:21:23, INFO     [Utils.py:60] Gamma: 0.3, Epsilon: 0.3
13:21:23, INFO     [Utils.py:62] =========================================END=========================================
13:21:38, INFO     [MobileNetwork.py:158] [train] mode: Algorithm.MADQL, time slot: 73, system average reward: 0.6953111173640524, loss: 0.0020594943780452013.
13:21:39, INFO     [MobileNetwork.py:158] [train] mode: Algorithm.MADQL, time slot: 74, system average reward: 0.9056528727512242, loss: 0.0021081578452140093.
13:21:39, INFO     [MobileNetwork.py:158] [train] mode: Algorithm.MADQL, time slot: 75, system average reward: 0.4786431800199421, loss: 0.0020829979330301285.
13:21:39, INFO     [MobileNetwork.py:158] [train] mode: Algorithm.MADQL, time slot: 76, system average reward: 0.6661750807943341, loss: 0.002076808363199234.
13:21:39, INFO     [MobileNetwork.py:158] [train] mode: Algorithm.MADQL, time slot: 77, system average reward: 0.7048448907673677, loss: 0.001971522346138954.
13:21:40, INFO     [MobileNetwork.py:158] [train] mode: Algorithm.MADQL, time slot: 78, system average reward: 0.9337846651302051, loss: 0.0020523450803011656.
13:21:40, INFO     [MobileNetwork.py:158] [train] mode: Algorithm.MADQL, time slot: 79, system average reward: 0.31166709648783, loss: 0.001991381635889411.
13:21:40, INFO     [MobileNetwork.py:158] [train] mode: Algorithm.MADQL, time slot: 80, system average reward: 1.037548823718576, loss: 0.002033730037510395.
13:21:40, INFO     [MobileNetwork.py:158] [train] mode: Algorithm.MADQL, time slot: 81, system average reward: 0.8386942675134766, loss: 0.002010458381846547.
13:21:40, INFO     [MobileNetwork.py:158] [train] mode: Algorithm.MADQL, time slot: 82, system average reward: 1.2657423785865987, loss: 0.0019994748290628195.
13:21:41, INFO     [MobileNetwork.py:158] [train] mode: Algorithm.MADQL, time slot: 83, system average reward: 0.7896862076913616, loss: 0.0020638229325413704.
13:21:41, INFO     [MobileNetwork.py:158] [train] mode: Algorithm.MADQL, time slot: 84, system average reward: 1.1588373974187915, loss: 0.0020490738097578287.
13:21:41, INFO     [MobileNetwork.py:158] [train] mode: Algorithm.MADQL, time slot: 85, system average reward: 0.7173892583127689, loss: 0.00213997857645154.
13:21:41, INFO     [MobileNetwork.py:158] [train] mode: Algorithm.MADQL, time slot: 86, system average reward: 1.1702296616028547, loss: 0.002047157846391201.
13:21:42, INFO     [MobileNetwork.py:158] [train] mode: Algorithm.MADQL, time slot: 87, system average reward: 0.9955248598894201, loss: 0.0021946311462670565.
13:21:42, INFO     [MobileNetwork.py:158] [train] mode: Algorithm.MADQL, time slot: 88, system average reward: 0.7071112607548716, loss: 0.00218544015660882.
13:21:42, INFO     [MobileNetwork.py:158] [train] mode: Algorithm.MADQL, time slot: 89, system average reward: 1.256460464650599, loss: 0.002058610087260604.
13:21:42, INFO     [MobileNetwork.py:158] [train] mode: Algorithm.MADQL, time slot: 90, system average reward: 0.707491402974183, loss: 0.002095460658892989.
13:21:42, INFO     [MobileNetwork.py:158] [train] mode: Algorithm.MADQL, time slot: 91, system average reward: 1.2221529232843764, loss: 0.0021177830640226603.
13:21:43, INFO     [MobileNetwork.py:158] [train] mode: Algorithm.MADQL, time slot: 92, system average reward: 0.8139874927400379, loss: 0.002076068427413702.
13:21:43, INFO     [MobileNetwork.py:158] [train] mode: Algorithm.MADQL, time slot: 93, system average reward: 1.095889348120523, loss: 0.0022089865524321795.
13:21:43, INFO     [MobileNetwork.py:158] [train] mode: Algorithm.MADQL, time slot: 94, system average reward: 0.5950559556832972, loss: 0.0021457576658576727.
13:21:43, INFO     [MobileNetwork.py:158] [train] mode: Algorithm.MADQL, time slot: 95, system average reward: 1.2988242078539618, loss: 0.0023060906678438187.
13:21:43, INFO     [MobileNetwork.py:158] [train] mode: Algorithm.MADQL, time slot: 96, system average reward: 0.442472003147115, loss: 0.0022026500664651394.
13:21:44, INFO     [MobileNetwork.py:158] [train] mode: Algorithm.MADQL, time slot: 97, system average reward: 0.9159177376482311, loss: 0.0022170497104525566.
13:21:44, INFO     [MobileNetwork.py:158] [train] mode: Algorithm.MADQL, time slot: 98, system average reward: 0.6951957497593408, loss: 0.002123443176969886.
13:21:44, INFO     [MobileNetwork.py:158] [train] mode: Algorithm.MADQL, time slot: 99, system average reward: 0.6770367506064187, loss: 0.0022520648781210184.
13:21:44, INFO     [MobileNetwork.py:158] [train] mode: Algorithm.MADQL, time slot: 100, system average reward: 0.4001206381017652, loss: 0.0020699442829936743.
13:21:45, INFO     [MobileNetwork.py:158] [train] mode: Algorithm.MADQL, time slot: 101, system average reward: 0.9410814329228981, loss: 0.002029550028964877.
13:21:45, INFO     [MobileNetwork.py:158] [train] mode: Algorithm.MADQL, time slot: 102, system average reward: 0.32593444193824306, loss: 0.0022258704993873835.
13:21:45, INFO     [MobileNetwork.py:158] [train] mode: Algorithm.MADQL, time slot: 103, system average reward: 0.6611724473128807, loss: 0.0020350387785583735.
13:21:45, INFO     [MobileNetwork.py:158] [train] mode: Algorithm.MADQL, time slot: 104, system average reward: 0.8434085325471504, loss: 0.0022605976555496454.
13:21:46, INFO     [MobileNetwork.py:158] [train] mode: Algorithm.MADQL, time slot: 105, system average reward: 0.7799528689356136, loss: 0.0020467909052968025.
13:21:46, INFO     [MobileNetwork.py:158] [train] mode: Algorithm.MADQL, time slot: 106, system average reward: 0.8189493771907337, loss: 0.0021944439504295588.
13:21:46, INFO     [MobileNetwork.py:158] [train] mode: Algorithm.MADQL, time slot: 107, system average reward: 1.0060188709683884, loss: 0.002122297417372465.
13:21:46, INFO     [MobileNetwork.py:158] [train] mode: Algorithm.MADQL, time slot: 108, system average reward: 0.7860601847072461, loss: 0.002281723078340292.
13:21:46, INFO     [MobileNetwork.py:158] [train] mode: Algorithm.MADQL, time slot: 109, system average reward: 0.9960596275726429, loss: 0.002047097310423851.
13:21:47, INFO     [MobileNetwork.py:158] [train] mode: Algorithm.MADQL, time slot: 110, system average reward: 0.6735265923716932, loss: 0.002042126376181841.
13:21:47, INFO     [MobileNetwork.py:158] [train] mode: Algorithm.MADQL, time slot: 111, system average reward: 0.9673014152825313, loss: 0.0020518943201750517.
13:21:47, INFO     [MobileNetwork.py:158] [train] mode: Algorithm.MADQL, time slot: 112, system average reward: 0.8738735927934094, loss: 0.0019880153704434633.
13:21:47, INFO     [MobileNetwork.py:158] [train] mode: Algorithm.MADQL, time slot: 113, system average reward: 0.8684834167739067, loss: 0.0022358314599841833.
13:21:48, INFO     [MobileNetwork.py:158] [train] mode: Algorithm.MADQL, time slot: 114, system average reward: 1.113641948429365, loss: 0.0020375556778162718.
13:21:48, INFO     [MobileNetwork.py:158] [train] mode: Algorithm.MADQL, time slot: 115, system average reward: 0.8114975240990734, loss: 0.0020448488648980856.
13:21:48, INFO     [MobileNetwork.py:158] [train] mode: Algorithm.MADQL, time slot: 116, system average reward: 0.643246028468256, loss: 0.0022566947154700756.
13:21:48, INFO     [MobileNetwork.py:158] [train] mode: Algorithm.MADQL, time slot: 117, system average reward: 1.0037273479732376, loss: 0.0021610509138554335.
13:21:48, INFO     [MobileNetwork.py:158] [train] mode: Algorithm.MADQL, time slot: 118, system average reward: 0.8378726533816778, loss: 0.0019365495536476374.
13:21:49, INFO     [MobileNetwork.py:158] [train] mode: Algorithm.MADQL, time slot: 119, system average reward: 0.9074496469162846, loss: 0.0021129711531102657.
13:21:49, INFO     [MobileNetwork.py:158] [train] mode: Algorithm.MADQL, time slot: 120, system average reward: 0.8282768580489251, loss: 0.0021120691671967506.
13:21:49, INFO     [MobileNetwork.py:158] [train] mode: Algorithm.MADQL, time slot: 121, system average reward: 0.8309083208879974, loss: 0.0021382542327046394.
13:21:49, INFO     [MobileNetwork.py:158] [train] mode: Algorithm.MADQL, time slot: 122, system average reward: 0.9167292130154092, loss: 0.00220478349365294.
13:21:50, INFO     [MobileNetwork.py:158] [train] mode: Algorithm.MADQL, time slot: 123, system average reward: 0.8136528063965812, loss: 0.00232267496176064.
13:21:50, INFO     [MobileNetwork.py:158] [train] mode: Algorithm.MADQL, time slot: 124, system average reward: 1.0084723543850658, loss: 0.0020338569302111864.
13:21:50, INFO     [MobileNetwork.py:158] [train] mode: Algorithm.MADQL, time slot: 125, system average reward: 1.0436184902632994, loss: 0.0020741140469908714.
13:21:50, INFO     [MobileNetwork.py:158] [train] mode: Algorithm.MADQL, time slot: 126, system average reward: 0.780571907616166, loss: 0.00217038462869823.
13:21:50, INFO     [MobileNetwork.py:158] [train] mode: Algorithm.MADQL, time slot: 127, system average reward: 0.836765827344594, loss: 0.0021729872096329927.
13:21:51, INFO     [MobileNetwork.py:158] [train] mode: Algorithm.MADQL, time slot: 128, system average reward: 0.8513512802320802, loss: 0.0021722123492509127.
13:21:51, INFO     [MobileNetwork.py:158] [train] mode: Algorithm.MADQL, time slot: 129, system average reward: 0.8552529325919535, loss: 0.0021395012736320496.
13:21:51, INFO     [MobileNetwork.py:158] [train] mode: Algorithm.MADQL, time slot: 130, system average reward: 1.0213541459596625, loss: 0.002165058860555291.
13:21:51, INFO     [MobileNetwork.py:158] [train] mode: Algorithm.MADQL, time slot: 131, system average reward: 0.6248687476854283, loss: 0.002201659372076392.
13:21:51, INFO     [MobileNetwork.py:158] [train] mode: Algorithm.MADQL, time slot: 132, system average reward: 0.8722484370433231, loss: 0.0021993464324623346.
13:21:52, INFO     [MobileNetwork.py:158] [train] mode: Algorithm.MADQL, time slot: 133, system average reward: 0.7612359418583876, loss: 0.0024235800374299288.
13:21:52, INFO     [MobileNetwork.py:158] [train] mode: Algorithm.MADQL, time slot: 134, system average reward: 1.0556287082373979, loss: 0.001999055501073599.
13:21:52, INFO     [MobileNetwork.py:158] [train] mode: Algorithm.MADQL, time slot: 135, system average reward: 0.7133683587496124, loss: 0.00202818657271564.
13:21:52, INFO     [MobileNetwork.py:158] [train] mode: Algorithm.MADQL, time slot: 136, system average reward: 0.9489055375226734, loss: 0.002107927342876792.
13:21:53, INFO     [MobileNetwork.py:158] [train] mode: Algorithm.MADQL, time slot: 137, system average reward: 1.092593480132321, loss: 0.002090681344270706.
13:21:53, INFO     [MobileNetwork.py:158] [train] mode: Algorithm.MADQL, time slot: 138, system average reward: 0.7516680007338729, loss: 0.002274091122671962.
13:21:53, INFO     [MobileNetwork.py:158] [train] mode: Algorithm.MADQL, time slot: 139, system average reward: 0.6921719126759847, loss: 0.0023152045905590057.
13:21:53, INFO     [MobileNetwork.py:158] [train] mode: Algorithm.MADQL, time slot: 140, system average reward: 1.1916866766231897, loss: 0.002064797794446349.
13:21:53, INFO     [MobileNetwork.py:158] [train] mode: Algorithm.MADQL, time slot: 141, system average reward: 0.666484298768197, loss: 0.002213018713518977.
13:21:54, INFO     [MobileNetwork.py:158] [train] mode: Algorithm.MADQL, time slot: 142, system average reward: 0.8942378846677047, loss: 0.002226964570581913.
13:21:54, INFO     [MobileNetwork.py:158] [train] mode: Algorithm.MADQL, time slot: 143, system average reward: 0.6893189755699213, loss: 0.002121575176715851.
13:21:54, INFO     [MobileNetwork.py:158] [train] mode: Algorithm.MADQL, time slot: 144, system average reward: 0.9868077853921189, loss: 0.0021040472202003.
13:21:54, INFO     [MobileNetwork.py:158] [train] mode: Algorithm.MADQL, time slot: 145, system average reward: 0.40413967125052336, loss: 0.0022410263773053885.
13:21:55, INFO     [MobileNetwork.py:158] [train] mode: Algorithm.MADQL, time slot: 146, system average reward: 1.0061463195759377, loss: 0.0021881856955587864.
13:21:55, INFO     [MobileNetwork.py:158] [train] mode: Algorithm.MADQL, time slot: 147, system average reward: 1.0296637276430085, loss: 0.0021494899410754442.
13:21:55, INFO     [MobileNetwork.py:158] [train] mode: Algorithm.MADQL, time slot: 148, system average reward: 1.435052798382981, loss: 0.002040586667135358.
13:21:55, INFO     [MobileNetwork.py:158] [train] mode: Algorithm.MADQL, time slot: 149, system average reward: 0.5909285438194315, loss: 0.002513726707547903.
13:21:55, INFO     [MobileNetwork.py:158] [train] mode: Algorithm.MADQL, time slot: 150, system average reward: 0.8627188481696558, loss: 0.002137922216206789.
13:21:56, INFO     [MobileNetwork.py:158] [train] mode: Algorithm.MADQL, time slot: 151, system average reward: 0.5454978457282967, loss: 0.002181605203077197.
13:21:56, INFO     [MobileNetwork.py:158] [train] mode: Algorithm.MADQL, time slot: 152, system average reward: 1.255356012918513, loss: 0.0021308138966560364.
13:21:56, INFO     [MobileNetwork.py:158] [train] mode: Algorithm.MADQL, time slot: 153, system average reward: 0.7878393332451145, loss: 0.0020806347019970417.
13:21:56, INFO     [MobileNetwork.py:158] [train] mode: Algorithm.MADQL, time slot: 154, system average reward: 0.8603273425446323, loss: 0.002568134805187583.
13:21:56, INFO     [MobileNetwork.py:158] [train] mode: Algorithm.MADQL, time slot: 155, system average reward: 0.7033530539640183, loss: 0.002120459685102105.
13:21:57, INFO     [MobileNetwork.py:158] [train] mode: Algorithm.MADQL, time slot: 156, system average reward: 0.7679635660681037, loss: 0.0024152228143066168.
13:21:57, INFO     [MobileNetwork.py:158] [train] mode: Algorithm.MADQL, time slot: 157, system average reward: 1.0176113645097329, loss: 0.0020818097982555628.
13:21:57, INFO     [MobileNetwork.py:158] [train] mode: Algorithm.MADQL, time slot: 158, system average reward: 0.7504513629299996, loss: 0.0022164578549563885.
13:21:57, INFO     [MobileNetwork.py:158] [train] mode: Algorithm.MADQL, time slot: 159, system average reward: 0.8813797310128951, loss: 0.002300359308719635.
13:21:58, INFO     [MobileNetwork.py:158] [train] mode: Algorithm.MADQL, time slot: 160, system average reward: 0.8205018712834036, loss: 0.0022475370205938816.
13:21:58, INFO     [MobileNetwork.py:158] [train] mode: Algorithm.MADQL, time slot: 161, system average reward: 0.8353305014420954, loss: 0.0022108929697424173.
13:21:58, INFO     [MobileNetwork.py:158] [train] mode: Algorithm.MADQL, time slot: 162, system average reward: 1.0074993471747609, loss: 0.0022754238452762365.
13:21:58, INFO     [MobileNetwork.py:158] [train] mode: Algorithm.MADQL, time slot: 163, system average reward: 1.2912746266768884, loss: 0.0023229550570249557.
13:21:58, INFO     [MobileNetwork.py:158] [train] mode: Algorithm.MADQL, time slot: 164, system average reward: 1.112593918156433, loss: 0.0018774425843730569.
13:21:59, INFO     [MobileNetwork.py:158] [train] mode: Algorithm.MADQL, time slot: 165, system average reward: 1.0205097144144566, loss: 0.002287366194650531.
13:21:59, INFO     [MobileNetwork.py:158] [train] mode: Algorithm.MADQL, time slot: 166, system average reward: 1.1262554753366296, loss: 0.002239916007965803.
13:21:59, INFO     [MobileNetwork.py:158] [train] mode: Algorithm.MADQL, time slot: 167, system average reward: 0.750359341716796, loss: 0.0020171883516013622.
13:21:59, INFO     [MobileNetwork.py:158] [train] mode: Algorithm.MADQL, time slot: 168, system average reward: 1.030443713438082, loss: 0.002349455840885639.
13:22:00, INFO     [MobileNetwork.py:158] [train] mode: Algorithm.MADQL, time slot: 169, system average reward: 0.7505539609210244, loss: 0.002282571280375123.
13:22:00, INFO     [MobileNetwork.py:158] [train] mode: Algorithm.MADQL, time slot: 170, system average reward: 1.0259844479006595, loss: 0.002326577203348279.
13:22:00, INFO     [MobileNetwork.py:158] [train] mode: Algorithm.MADQL, time slot: 171, system average reward: 0.667976656594354, loss: 0.0022003958001732826.
13:22:00, INFO     [MobileNetwork.py:158] [train] mode: Algorithm.MADQL, time slot: 172, system average reward: 0.8641865573889823, loss: 0.002147113438695669.
13:22:01, INFO     [MobileNetwork.py:158] [train] mode: Algorithm.MADQL, time slot: 173, system average reward: 0.855939524318771, loss: 0.0023024871479719877.
13:22:01, INFO     [MobileNetwork.py:158] [train] mode: Algorithm.MADQL, time slot: 174, system average reward: 0.8002653718407935, loss: 0.0019962911028414965.
13:22:01, INFO     [MobileNetwork.py:158] [train] mode: Algorithm.MADQL, time slot: 175, system average reward: 0.5487952507407111, loss: 0.0021631186828017235.
13:22:01, INFO     [MobileNetwork.py:158] [train] mode: Algorithm.MADQL, time slot: 176, system average reward: 0.9307385434574241, loss: 0.002424675039947033.
13:22:01, INFO     [MobileNetwork.py:158] [train] mode: Algorithm.MADQL, time slot: 177, system average reward: 0.7483860164587195, loss: 0.0017983175348490477.
13:22:02, INFO     [MobileNetwork.py:158] [train] mode: Algorithm.MADQL, time slot: 178, system average reward: 1.0177905644636314, loss: 0.00220015668310225.
13:22:02, INFO     [MobileNetwork.py:158] [train] mode: Algorithm.MADQL, time slot: 179, system average reward: 0.9131497908849292, loss: 0.002159048104658723.
13:22:02, INFO     [MobileNetwork.py:158] [train] mode: Algorithm.MADQL, time slot: 180, system average reward: 0.5446320889028856, loss: 0.002233771840110421.
13:22:02, INFO     [MobileNetwork.py:158] [train] mode: Algorithm.MADQL, time slot: 181, system average reward: 0.8546604439392207, loss: 0.0022973206359893084.
13:22:03, INFO     [MobileNetwork.py:158] [train] mode: Algorithm.MADQL, time slot: 182, system average reward: 0.6473914390323454, loss: 0.0021576229482889175.
13:22:03, INFO     [MobileNetwork.py:158] [train] mode: Algorithm.MADQL, time slot: 183, system average reward: 1.0244872217607177, loss: 0.002186839235946536.
13:22:03, INFO     [MobileNetwork.py:158] [train] mode: Algorithm.MADQL, time slot: 184, system average reward: 0.6867716762161352, loss: 0.0019093923037871718.
13:22:03, INFO     [MobileNetwork.py:158] [train] mode: Algorithm.MADQL, time slot: 185, system average reward: 0.9034848493164945, loss: 0.0024608627427369356.
13:22:03, INFO     [MobileNetwork.py:158] [train] mode: Algorithm.MADQL, time slot: 186, system average reward: 0.984015528963149, loss: 0.002238239161670208.
13:22:04, INFO     [MobileNetwork.py:158] [train] mode: Algorithm.MADQL, time slot: 187, system average reward: 0.8374675440707394, loss: 0.002135026268661022.
13:22:04, INFO     [MobileNetwork.py:158] [train] mode: Algorithm.MADQL, time slot: 188, system average reward: 1.0868316951365276, loss: 0.0019736620597541332.
13:22:04, INFO     [MobileNetwork.py:158] [train] mode: Algorithm.MADQL, time slot: 189, system average reward: 0.8229863961647407, loss: 0.0018219879129901528.
13:22:04, INFO     [MobileNetwork.py:158] [train] mode: Algorithm.MADQL, time slot: 190, system average reward: 0.8628542721232998, loss: 0.0024672893341630697.
13:22:05, INFO     [MobileNetwork.py:158] [train] mode: Algorithm.MADQL, time slot: 191, system average reward: 1.0021854647803223, loss: 0.0019372696988284588.
13:22:05, INFO     [MobileNetwork.py:158] [train] mode: Algorithm.MADQL, time slot: 192, system average reward: 0.8061828609714558, loss: 0.0018211010610684752.
13:22:05, INFO     [MobileNetwork.py:158] [train] mode: Algorithm.MADQL, time slot: 193, system average reward: 1.0989184457574952, loss: 0.002130326349288225.
13:22:05, INFO     [MobileNetwork.py:158] [train] mode: Algorithm.MADQL, time slot: 194, system average reward: 0.7251753624846148, loss: 0.002080712001770735.
13:22:05, INFO     [MobileNetwork.py:158] [train] mode: Algorithm.MADQL, time slot: 195, system average reward: 1.204360260770691, loss: 0.0020089682657271624.
13:22:06, INFO     [MobileNetwork.py:158] [train] mode: Algorithm.MADQL, time slot: 196, system average reward: 0.7571434770063459, loss: 0.002244496950879693.
13:22:06, INFO     [MobileNetwork.py:158] [train] mode: Algorithm.MADQL, time slot: 197, system average reward: 1.305369693404306, loss: 0.0021406698506325483.
13:22:06, INFO     [MobileNetwork.py:158] [train] mode: Algorithm.MADQL, time slot: 198, system average reward: 0.7350328054460485, loss: 0.0021761246025562286.
13:22:06, INFO     [MobileNetwork.py:158] [train] mode: Algorithm.MADQL, time slot: 199, system average reward: 0.5384683460598547, loss: 0.002205920172855258.
13:22:07, INFO     [MobileNetwork.py:158] [train] mode: Algorithm.MADQL, time slot: 200, system average reward: 0.6688496566302229, loss: 0.001972547732293606.
13:22:07, INFO     [MobileNetwork.py:158] [train] mode: Algorithm.MADQL, time slot: 201, system average reward: 0.7566939241164531, loss: 0.002232509898021817.
13:22:07, INFO     [MobileNetwork.py:158] [train] mode: Algorithm.MADQL, time slot: 202, system average reward: 0.8162549021029467, loss: 0.002468432066962123.
13:22:07, INFO     [MobileNetwork.py:158] [train] mode: Algorithm.MADQL, time slot: 203, system average reward: 0.782171098137933, loss: 0.0023959048558026552.
13:22:08, INFO     [MobileNetwork.py:158] [train] mode: Algorithm.MADQL, time slot: 204, system average reward: 0.7824889207385423, loss: 0.002029006602242589.
13:22:08, INFO     [MobileNetwork.py:158] [train] mode: Algorithm.MADQL, time slot: 205, system average reward: 0.692765937196006, loss: 0.0020003619138151407.
13:22:08, INFO     [MobileNetwork.py:158] [train] mode: Algorithm.MADQL, time slot: 206, system average reward: 1.0093692620636088, loss: 0.0022712876088917255.
13:22:08, INFO     [MobileNetwork.py:158] [train] mode: Algorithm.MADQL, time slot: 207, system average reward: 0.7149937093872462, loss: 0.0021516995038837194.
13:22:08, INFO     [MobileNetwork.py:158] [train] mode: Algorithm.MADQL, time slot: 208, system average reward: 0.5019986146015445, loss: 0.002492757048457861.
13:22:09, INFO     [MobileNetwork.py:158] [train] mode: Algorithm.MADQL, time slot: 209, system average reward: 1.2859305449400724, loss: 0.0025143767707049847.
13:22:09, INFO     [MobileNetwork.py:158] [train] mode: Algorithm.MADQL, time slot: 210, system average reward: 0.5615552954036994, loss: 0.0026101781986653805.
13:22:09, INFO     [MobileNetwork.py:158] [train] mode: Algorithm.MADQL, time slot: 211, system average reward: 1.4031855291304152, loss: 0.00195770594291389.
13:22:09, INFO     [MobileNetwork.py:158] [train] mode: Algorithm.MADQL, time slot: 212, system average reward: 0.6265775016271642, loss: 0.0022873561829328537.
13:22:10, INFO     [MobileNetwork.py:158] [train] mode: Algorithm.MADQL, time slot: 213, system average reward: 1.2932642818695492, loss: 0.002233484061434865.
13:22:10, INFO     [MobileNetwork.py:158] [train] mode: Algorithm.MADQL, time slot: 214, system average reward: 0.5299058926940944, loss: 0.0023696802090853453.
13:22:10, INFO     [MobileNetwork.py:158] [train] mode: Algorithm.MADQL, time slot: 215, system average reward: 0.937464435970924, loss: 0.0022165754344314337.
13:22:10, INFO     [MobileNetwork.py:158] [train] mode: Algorithm.MADQL, time slot: 216, system average reward: 0.7592278926759557, loss: 0.002203891519457102.
13:22:10, INFO     [MobileNetwork.py:158] [train] mode: Algorithm.MADQL, time slot: 217, system average reward: 1.1244306776898851, loss: 0.0021608276292681694.
13:22:11, INFO     [MobileNetwork.py:158] [train] mode: Algorithm.MADQL, time slot: 218, system average reward: 0.9162354403853123, loss: 0.002023716690018773.
13:22:11, INFO     [MobileNetwork.py:158] [train] mode: Algorithm.MADQL, time slot: 219, system average reward: 1.108420312112374, loss: 0.0023065137211233377.
13:22:11, INFO     [MobileNetwork.py:158] [train] mode: Algorithm.MADQL, time slot: 220, system average reward: 0.5743671000467835, loss: 0.0020585062447935343.
13:22:11, INFO     [MobileNetwork.py:158] [train] mode: Algorithm.MADQL, time slot: 221, system average reward: 0.8937898027986203, loss: 0.0025353198871016502.
13:22:12, INFO     [MobileNetwork.py:158] [train] mode: Algorithm.MADQL, time slot: 222, system average reward: 0.7695829720747052, loss: 0.002293407917022705.
13:22:12, INFO     [MobileNetwork.py:158] [train] mode: Algorithm.MADQL, time slot: 223, system average reward: 1.0542910546985336, loss: 0.0020315491128712893.
13:22:12, INFO     [MobileNetwork.py:158] [train] mode: Algorithm.MADQL, time slot: 224, system average reward: 0.608578465784263, loss: 0.0024762738030403852.
13:22:12, INFO     [MobileNetwork.py:158] [train] mode: Algorithm.MADQL, time slot: 225, system average reward: 1.1016769810427802, loss: 0.002180505311116576.
13:22:13, INFO     [MobileNetwork.py:158] [train] mode: Algorithm.MADQL, time slot: 226, system average reward: 0.9474525979917987, loss: 0.0021516557317227125.
13:22:13, INFO     [MobileNetwork.py:158] [train] mode: Algorithm.MADQL, time slot: 227, system average reward: 0.9551837524207408, loss: 0.0021460738498717546.
13:22:13, INFO     [MobileNetwork.py:158] [train] mode: Algorithm.MADQL, time slot: 228, system average reward: 1.0266515965753602, loss: 0.0021644230000674725.
13:22:13, INFO     [MobileNetwork.py:158] [train] mode: Algorithm.MADQL, time slot: 229, system average reward: 1.169031278466456, loss: 0.002307693939656019.
13:22:13, INFO     [MobileNetwork.py:158] [train] mode: Algorithm.MADQL, time slot: 230, system average reward: 0.7089374770467058, loss: 0.002213577274233103.
13:22:14, INFO     [MobileNetwork.py:158] [train] mode: Algorithm.MADQL, time slot: 231, system average reward: 0.8464960115427399, loss: 0.002284197835251689.
13:22:14, INFO     [MobileNetwork.py:158] [train] mode: Algorithm.MADQL, time slot: 232, system average reward: 0.9093011916108453, loss: 0.0024896517861634493.
13:22:14, INFO     [MobileNetwork.py:158] [train] mode: Algorithm.MADQL, time slot: 233, system average reward: 0.5472705616696624, loss: 0.0019082401413470507.
13:22:14, INFO     [MobileNetwork.py:158] [train] mode: Algorithm.MADQL, time slot: 234, system average reward: 0.6766870968540043, loss: 0.0023843280505388975.
13:22:15, INFO     [MobileNetwork.py:158] [train] mode: Algorithm.MADQL, time slot: 235, system average reward: 0.7579551301238737, loss: 0.002229210687801242.
13:22:15, INFO     [MobileNetwork.py:158] [train] mode: Algorithm.MADQL, time slot: 236, system average reward: 0.7420327651901142, loss: 0.0022279340773820877.
13:22:15, INFO     [MobileNetwork.py:158] [train] mode: Algorithm.MADQL, time slot: 237, system average reward: 0.8873106849832114, loss: 0.0021536231506615877.
13:22:15, INFO     [MobileNetwork.py:158] [train] mode: Algorithm.MADQL, time slot: 238, system average reward: 0.937728433185825, loss: 0.0021284734830260277.
13:22:15, INFO     [MobileNetwork.py:158] [train] mode: Algorithm.MADQL, time slot: 239, system average reward: 0.6914647191407648, loss: 0.0019503127550706267.
13:22:16, INFO     [MobileNetwork.py:158] [train] mode: Algorithm.MADQL, time slot: 240, system average reward: 0.9428154024438061, loss: 0.0020243441686034203.
13:22:16, INFO     [MobileNetwork.py:158] [train] mode: Algorithm.MADQL, time slot: 241, system average reward: 1.087918514944343, loss: 0.002062799409031868.
13:22:16, INFO     [MobileNetwork.py:158] [train] mode: Algorithm.MADQL, time slot: 242, system average reward: 0.6944631930337926, loss: 0.0018144031055271626.
13:22:16, INFO     [MobileNetwork.py:158] [train] mode: Algorithm.MADQL, time slot: 243, system average reward: 0.8825286625736707, loss: 0.0021432789508253336.
13:22:16, INFO     [MobileNetwork.py:158] [train] mode: Algorithm.MADQL, time slot: 244, system average reward: 0.837799827819956, loss: 0.001907416619360447.
13:22:17, INFO     [MobileNetwork.py:158] [train] mode: Algorithm.MADQL, time slot: 245, system average reward: 1.0637401964837216, loss: 0.002310762647539377.
13:22:17, INFO     [MobileNetwork.py:158] [train] mode: Algorithm.MADQL, time slot: 246, system average reward: 1.1841950068840796, loss: 0.0021619980689138174.
13:22:17, INFO     [MobileNetwork.py:158] [train] mode: Algorithm.MADQL, time slot: 247, system average reward: 1.018704007107423, loss: 0.0019896021112799644.
13:22:17, INFO     [MobileNetwork.py:158] [train] mode: Algorithm.MADQL, time slot: 248, system average reward: 0.8953130944609855, loss: 0.0021710952278226614.
13:22:18, INFO     [MobileNetwork.py:158] [train] mode: Algorithm.MADQL, time slot: 249, system average reward: 1.0655147448008127, loss: 0.002154725603759289.
13:22:18, INFO     [MobileNetwork.py:158] [train] mode: Algorithm.MADQL, time slot: 250, system average reward: 1.1720265023966845, loss: 0.0022560711950063705.
13:22:18, INFO     [MobileNetwork.py:158] [train] mode: Algorithm.MADQL, time slot: 251, system average reward: 0.8963373281193171, loss: 0.0019166679121553898.
13:22:18, INFO     [MobileNetwork.py:158] [train] mode: Algorithm.MADQL, time slot: 252, system average reward: 1.302845049931997, loss: 0.0024309351574629545.
13:22:18, INFO     [MobileNetwork.py:158] [train] mode: Algorithm.MADQL, time slot: 253, system average reward: 0.8866704254556911, loss: 0.0025468275416642427.
13:22:19, INFO     [MobileNetwork.py:158] [train] mode: Algorithm.MADQL, time slot: 254, system average reward: 0.922610483173333, loss: 0.00224017770960927.
13:22:19, INFO     [MobileNetwork.py:158] [train] mode: Algorithm.MADQL, time slot: 255, system average reward: 0.8285592763826989, loss: 0.0023738977033644915.
13:22:19, INFO     [MobileNetwork.py:158] [train] mode: Algorithm.MADQL, time slot: 256, system average reward: 1.0019397792547933, loss: 0.002043073531240225.
13:22:19, INFO     [DecisionMaker.py:175] ----------------Target DQN Parameter Updates!------------------
13:22:19, INFO     [MobileNetwork.py:158] [train] mode: Algorithm.MADQL, time slot: 257, system average reward: 1.1132763911298027, loss: 0.0028337985277175903.
13:22:19, INFO     [MobileNetwork.py:158] [train] mode: Algorithm.MADQL, time slot: 258, system average reward: 0.9583749935578345, loss: 0.0023820491041988134.
13:22:20, INFO     [MobileNetwork.py:158] [train] mode: Algorithm.MADQL, time slot: 259, system average reward: 0.6047184848393063, loss: 0.0025351487565785646.
13:22:20, INFO     [MobileNetwork.py:158] [train] mode: Algorithm.MADQL, time slot: 260, system average reward: 0.8453186597024952, loss: 0.0021544017363339663.
13:22:20, INFO     [MobileNetwork.py:158] [train] mode: Algorithm.MADQL, time slot: 261, system average reward: 0.6513513970214552, loss: 0.002087379340082407.
13:22:20, INFO     [MobileNetwork.py:158] [train] mode: Algorithm.MADQL, time slot: 262, system average reward: 1.1936182784546845, loss: 0.0023914191406220198.
13:22:21, INFO     [MobileNetwork.py:158] [train] mode: Algorithm.MADQL, time slot: 263, system average reward: 0.918160217043423, loss: 0.002490726299583912.
13:22:21, INFO     [MobileNetwork.py:158] [train] mode: Algorithm.MADQL, time slot: 264, system average reward: 0.7131161396805776, loss: 0.002231562975794077.
13:22:21, INFO     [MobileNetwork.py:158] [train] mode: Algorithm.MADQL, time slot: 265, system average reward: 1.0365076499865018, loss: 0.0020606841426342726.
13:22:21, INFO     [MobileNetwork.py:158] [train] mode: Algorithm.MADQL, time slot: 266, system average reward: 0.7905441307083529, loss: 0.0025988598354160786.
13:22:21, INFO     [MobileNetwork.py:158] [train] mode: Algorithm.MADQL, time slot: 267, system average reward: 0.9080640496237472, loss: 0.002275422215461731.
13:22:22, INFO     [MobileNetwork.py:158] [train] mode: Algorithm.MADQL, time slot: 268, system average reward: 0.5551362579804465, loss: 0.0022898376919329166.
13:22:22, INFO     [MobileNetwork.py:158] [train] mode: Algorithm.MADQL, time slot: 269, system average reward: 1.1695052376083608, loss: 0.0023220155853778124.
13:22:22, INFO     [MobileNetwork.py:158] [train] mode: Algorithm.MADQL, time slot: 270, system average reward: 0.894574444001164, loss: 0.0020647866185754538.
13:22:22, INFO     [MobileNetwork.py:158] [train] mode: Algorithm.MADQL, time slot: 271, system average reward: 0.8008047021569128, loss: 0.002093966118991375.
13:22:23, INFO     [MobileNetwork.py:158] [train] mode: Algorithm.MADQL, time slot: 272, system average reward: 1.226287845085558, loss: 0.0022020258475095034.
13:22:23, INFO     [MobileNetwork.py:158] [train] mode: Algorithm.MADQL, time slot: 273, system average reward: 0.8149480808207262, loss: 0.0023362308274954557.
13:22:23, INFO     [MobileNetwork.py:158] [train] mode: Algorithm.MADQL, time slot: 274, system average reward: 0.8499926884378722, loss: 0.001990329474210739.
13:22:23, INFO     [MobileNetwork.py:158] [train] mode: Algorithm.MADQL, time slot: 275, system average reward: 1.0609955329404654, loss: 0.0022566441912204027.
13:22:23, INFO     [MobileNetwork.py:158] [train] mode: Algorithm.MADQL, time slot: 276, system average reward: 0.843446913936904, loss: 0.002340595470741391.
13:22:24, INFO     [MobileNetwork.py:158] [train] mode: Algorithm.MADQL, time slot: 277, system average reward: 0.9742407142435495, loss: 0.0023467785213142633.
13:22:24, INFO     [MobileNetwork.py:158] [train] mode: Algorithm.MADQL, time slot: 278, system average reward: 0.6850745045646962, loss: 0.002674407558515668.
13:22:24, INFO     [MobileNetwork.py:158] [train] mode: Algorithm.MADQL, time slot: 279, system average reward: 0.6723744749465604, loss: 0.002175927860662341.
13:22:24, INFO     [MobileNetwork.py:158] [train] mode: Algorithm.MADQL, time slot: 280, system average reward: 0.9017634327610711, loss: 0.0024063331075012684.
13:22:24, INFO     [MobileNetwork.py:158] [train] mode: Algorithm.MADQL, time slot: 281, system average reward: 0.9878625564742235, loss: 0.0021847428288310766.
13:22:25, INFO     [MobileNetwork.py:158] [train] mode: Algorithm.MADQL, time slot: 282, system average reward: 0.8660369769240425, loss: 0.002423914149403572.
13:22:25, INFO     [MobileNetwork.py:158] [train] mode: Algorithm.MADQL, time slot: 283, system average reward: 1.0221111636458333, loss: 0.002018569502979517.
13:22:25, INFO     [MobileNetwork.py:158] [train] mode: Algorithm.MADQL, time slot: 284, system average reward: 0.5491707896422419, loss: 0.0021145958453416824.
13:22:25, INFO     [MobileNetwork.py:158] [train] mode: Algorithm.MADQL, time slot: 285, system average reward: 0.85321593323134, loss: 0.0022582439705729485.
13:22:26, INFO     [MobileNetwork.py:158] [train] mode: Algorithm.MADQL, time slot: 286, system average reward: 0.6105074624096717, loss: 0.0021678286138921976.
13:22:26, INFO     [MobileNetwork.py:158] [train] mode: Algorithm.MADQL, time slot: 287, system average reward: 1.2245959686606454, loss: 0.0022706224117428064.
13:22:26, INFO     [MobileNetwork.py:158] [train] mode: Algorithm.MADQL, time slot: 288, system average reward: 0.905319428821544, loss: 0.0022356598637998104.
13:22:26, INFO     [MobileNetwork.py:158] [train] mode: Algorithm.MADQL, time slot: 289, system average reward: 1.0175691624462153, loss: 0.0024533839896321297.
13:22:26, INFO     [MobileNetwork.py:158] [train] mode: Algorithm.MADQL, time slot: 290, system average reward: 0.833386819546557, loss: 0.0024384683929383755.
13:22:27, INFO     [MobileNetwork.py:158] [train] mode: Algorithm.MADQL, time slot: 291, system average reward: 1.235792174750286, loss: 0.002241729525849223.
13:22:27, INFO     [MobileNetwork.py:158] [train] mode: Algorithm.MADQL, time slot: 292, system average reward: 1.05559229653571, loss: 0.0022861643228679895.
13:22:27, INFO     [MobileNetwork.py:158] [train] mode: Algorithm.MADQL, time slot: 293, system average reward: 0.9674944595496869, loss: 0.002560095628723502.
13:22:27, INFO     [MobileNetwork.py:158] [train] mode: Algorithm.MADQL, time slot: 294, system average reward: 0.994956571687026, loss: 0.0025547794066369534.
13:22:28, INFO     [MobileNetwork.py:158] [train] mode: Algorithm.MADQL, time slot: 295, system average reward: 0.9469559357695483, loss: 0.0020784654188901186.
13:22:28, INFO     [MobileNetwork.py:158] [train] mode: Algorithm.MADQL, time slot: 296, system average reward: 1.023801683951923, loss: 0.002614798257127404.
13:22:28, INFO     [MobileNetwork.py:158] [train] mode: Algorithm.MADQL, time slot: 297, system average reward: 0.9537338125709887, loss: 0.0019878007005900145.
13:22:28, INFO     [MobileNetwork.py:158] [train] mode: Algorithm.MADQL, time slot: 298, system average reward: 0.9626628475280956, loss: 0.002600749721750617.
13:22:28, INFO     [MobileNetwork.py:158] [train] mode: Algorithm.MADQL, time slot: 299, system average reward: 0.9033886507098001, loss: 0.0025083350483328104.
13:22:28, INFO     [MobileNetwork.py:166] training finished
13:52:50, INFO     [Utils.py:50] =====================================CONFIG=========================================
13:52:50, INFO     [Utils.py:51] START TIME: 13:52:50
13:52:50, INFO     [Utils.py:52] -----------------------------------COMMUNICATION------------------------------------
13:52:50, INFO     [Utils.py:53] Power Level: 5, Codebook Size: 4, Cell Length: 100.0 m, Cell Number: 7
13:52:50, INFO     [Utils.py:55] Path Loss Exponent: 3, Log-normal Sigma: 8 db, Gaussian Sigma: 1 db
13:52:50, INFO     [Utils.py:57] -----------------------------------------DL------------------------------------------
13:52:50, INFO     [Utils.py:58] Batch Size: 512, Total time slot: 300, Learning Rate: 0.0001, Reg Beta: 0.0
13:52:50, INFO     [Utils.py:60] Gamma: 0.3, Epsilon: 0.3
13:52:50, INFO     [Utils.py:62] =========================================END=========================================
13:53:10, INFO     [Utils.py:50] =====================================CONFIG=========================================
13:53:10, INFO     [Utils.py:51] START TIME: 13:53:10
13:53:10, INFO     [Utils.py:52] -----------------------------------COMMUNICATION------------------------------------
13:53:10, INFO     [Utils.py:53] Power Level: 5, Codebook Size: 4, Cell Length: 100.0 m, Cell Number: 7
13:53:10, INFO     [Utils.py:55] Path Loss Exponent: 3, Log-normal Sigma: 8 db, Gaussian Sigma: 1 db
13:53:10, INFO     [Utils.py:57] -----------------------------------------DL------------------------------------------
13:53:10, INFO     [Utils.py:58] Batch Size: 512, Total time slot: 300, Learning Rate: 0.0001, Reg Beta: 0.0
13:53:10, INFO     [Utils.py:60] Gamma: 0.3, Epsilon: 0.3
13:53:10, INFO     [Utils.py:62] =========================================END=========================================
13:55:00, INFO     [Utils.py:50] =====================================CONFIG=========================================
13:55:00, INFO     [Utils.py:51] START TIME: 13:55:00
13:55:00, INFO     [Utils.py:52] -----------------------------------COMMUNICATION------------------------------------
13:55:00, INFO     [Utils.py:53] Power Level: 5, Codebook Size: 4, Cell Length: 100.0 m, Cell Number: 7
13:55:00, INFO     [Utils.py:55] Path Loss Exponent: 3, Log-normal Sigma: 8 db, Gaussian Sigma: 1 db
13:55:00, INFO     [Utils.py:57] -----------------------------------------DL------------------------------------------
13:55:00, INFO     [Utils.py:58] Batch Size: 512, Total time slot: 300, Learning Rate: 0.0001, Reg Beta: 0.0
13:55:00, INFO     [Utils.py:60] Gamma: 0.3, Epsilon: 0.3
13:55:00, INFO     [Utils.py:62] =========================================END=========================================
13:55:54, INFO     [Utils.py:50] =====================================CONFIG=========================================
13:55:54, INFO     [Utils.py:51] START TIME: 13:55:54
13:55:54, INFO     [Utils.py:52] -----------------------------------COMMUNICATION------------------------------------
13:55:54, INFO     [Utils.py:53] Power Level: 5, Codebook Size: 4, Cell Length: 100.0 m, Cell Number: 7
13:55:54, INFO     [Utils.py:55] Path Loss Exponent: 3, Log-normal Sigma: 8 db, Gaussian Sigma: 1 db
13:55:54, INFO     [Utils.py:57] -----------------------------------------DL------------------------------------------
13:55:54, INFO     [Utils.py:58] Batch Size: 512, Total time slot: 300, Learning Rate: 0.0001, Reg Beta: 0.0
13:55:54, INFO     [Utils.py:60] Gamma: 0.3, Epsilon: 0.3
13:55:54, INFO     [Utils.py:62] =========================================END=========================================
13:56:23, INFO     [Utils.py:50] =====================================CONFIG=========================================
13:56:23, INFO     [Utils.py:51] START TIME: 13:56:23
13:56:23, INFO     [Utils.py:52] -----------------------------------COMMUNICATION------------------------------------
13:56:23, INFO     [Utils.py:53] Power Level: 5, Codebook Size: 4, Cell Length: 100.0 m, Cell Number: 7
13:56:23, INFO     [Utils.py:55] Path Loss Exponent: 3, Log-normal Sigma: 8 db, Gaussian Sigma: 1 db
13:56:23, INFO     [Utils.py:57] -----------------------------------------DL------------------------------------------
13:56:23, INFO     [Utils.py:58] Batch Size: 512, Total time slot: 300, Learning Rate: 0.0001, Reg Beta: 0.0
13:56:23, INFO     [Utils.py:60] Gamma: 0.3, Epsilon: 0.3
13:56:23, INFO     [Utils.py:62] =========================================END=========================================
13:56:35, INFO     [MobileNetwork.py:229] [train] mode: Algorithm.MADQL, time slot: 73, system average reward: 1.323604422047277, loss: 0.006958200596272945.
13:56:35, INFO     [MobileNetwork.py:229] [train] mode: Algorithm.MADQL, time slot: 74, system average reward: 1.7796191993672648, loss: 0.0070648351684212685.
13:56:35, INFO     [MobileNetwork.py:229] [train] mode: Algorithm.MADQL, time slot: 75, system average reward: 1.2911399600454618, loss: 0.006906633730977774.
13:56:36, INFO     [MobileNetwork.py:229] [train] mode: Algorithm.MADQL, time slot: 76, system average reward: 1.5563827993725796, loss: 0.006909969728440046.
13:56:36, INFO     [MobileNetwork.py:229] [train] mode: Algorithm.MADQL, time slot: 77, system average reward: 1.3662974077725143, loss: 0.006747154984623194.
13:56:36, INFO     [MobileNetwork.py:229] [train] mode: Algorithm.MADQL, time slot: 78, system average reward: 1.8997727445607264, loss: 0.007037528324872255.
13:56:36, INFO     [MobileNetwork.py:229] [train] mode: Algorithm.MADQL, time slot: 79, system average reward: 1.5039976498731988, loss: 0.0067750802263617516.
13:56:36, INFO     [MobileNetwork.py:229] [train] mode: Algorithm.MADQL, time slot: 80, system average reward: 1.650590458202539, loss: 0.006929771509021521.
13:56:37, INFO     [MobileNetwork.py:229] [train] mode: Algorithm.MADQL, time slot: 81, system average reward: 1.340124688774217, loss: 0.007250276859849691.
13:56:37, INFO     [MobileNetwork.py:229] [train] mode: Algorithm.MADQL, time slot: 82, system average reward: 1.6405578581769873, loss: 0.006813690531998873.
13:56:37, INFO     [MobileNetwork.py:229] [train] mode: Algorithm.MADQL, time slot: 83, system average reward: 1.3708094850295536, loss: 0.006824588868767023.
13:56:37, INFO     [MobileNetwork.py:229] [train] mode: Algorithm.MADQL, time slot: 84, system average reward: 1.7735544607514513, loss: 0.0072668492794036865.
13:56:37, INFO     [MobileNetwork.py:229] [train] mode: Algorithm.MADQL, time slot: 85, system average reward: 1.159288946536771, loss: 0.007126253563910723.
13:56:38, INFO     [MobileNetwork.py:229] [train] mode: Algorithm.MADQL, time slot: 86, system average reward: 1.7546745149615977, loss: 0.006853755097836256.
13:56:38, INFO     [MobileNetwork.py:229] [train] mode: Algorithm.MADQL, time slot: 87, system average reward: 1.3241731821925309, loss: 0.006743499543517828.
13:56:38, INFO     [MobileNetwork.py:229] [train] mode: Algorithm.MADQL, time slot: 88, system average reward: 1.5138924402346716, loss: 0.006924486719071865.
13:56:38, INFO     [MobileNetwork.py:229] [train] mode: Algorithm.MADQL, time slot: 89, system average reward: 1.205568431257341, loss: 0.0065534976311028.
13:56:38, INFO     [MobileNetwork.py:229] [train] mode: Algorithm.MADQL, time slot: 90, system average reward: 1.7324673137697153, loss: 0.007012321613729.
13:56:39, INFO     [MobileNetwork.py:229] [train] mode: Algorithm.MADQL, time slot: 91, system average reward: 1.238885356163263, loss: 0.0069450801238417625.
13:56:39, INFO     [MobileNetwork.py:229] [train] mode: Algorithm.MADQL, time slot: 92, system average reward: 1.3702673354808148, loss: 0.006948104593902826.
13:56:39, INFO     [MobileNetwork.py:229] [train] mode: Algorithm.MADQL, time slot: 93, system average reward: 1.041316717000319, loss: 0.007041707634925842.
13:56:39, INFO     [MobileNetwork.py:229] [train] mode: Algorithm.MADQL, time slot: 94, system average reward: 1.522457490025087, loss: 0.006827813573181629.
13:56:39, INFO     [MobileNetwork.py:229] [train] mode: Algorithm.MADQL, time slot: 95, system average reward: 1.291183672925887, loss: 0.0068255881778895855.
13:56:40, INFO     [MobileNetwork.py:229] [train] mode: Algorithm.MADQL, time slot: 96, system average reward: 1.5515711791026336, loss: 0.0064307814463973045.
13:56:40, INFO     [MobileNetwork.py:229] [train] mode: Algorithm.MADQL, time slot: 97, system average reward: 1.3463974935940477, loss: 0.006482447497546673.
13:56:40, INFO     [MobileNetwork.py:229] [train] mode: Algorithm.MADQL, time slot: 98, system average reward: 1.9374862955118821, loss: 0.007405726704746485.
13:56:40, INFO     [MobileNetwork.py:229] [train] mode: Algorithm.MADQL, time slot: 99, system average reward: 1.7227446003038491, loss: 0.007344176527112722.
13:56:40, INFO     [MobileNetwork.py:229] [train] mode: Algorithm.MADQL, time slot: 100, system average reward: 1.9403444445737044, loss: 0.006818541791290045.
13:56:41, INFO     [MobileNetwork.py:229] [train] mode: Algorithm.MADQL, time slot: 101, system average reward: 1.8822758474563541, loss: 0.007648720405995846.
13:56:41, INFO     [MobileNetwork.py:229] [train] mode: Algorithm.MADQL, time slot: 102, system average reward: 1.789687418395131, loss: 0.00640217587351799.
13:56:41, INFO     [MobileNetwork.py:229] [train] mode: Algorithm.MADQL, time slot: 103, system average reward: 1.4713889188683178, loss: 0.00678665516898036.
13:56:41, INFO     [MobileNetwork.py:229] [train] mode: Algorithm.MADQL, time slot: 104, system average reward: 1.954802492682821, loss: 0.007064759731292725.
13:56:41, INFO     [MobileNetwork.py:229] [train] mode: Algorithm.MADQL, time slot: 105, system average reward: 1.4978023849379494, loss: 0.007212249096482992.
13:56:42, INFO     [MobileNetwork.py:229] [train] mode: Algorithm.MADQL, time slot: 106, system average reward: 1.5876943760306381, loss: 0.006968285422772169.
13:56:42, INFO     [MobileNetwork.py:229] [train] mode: Algorithm.MADQL, time slot: 107, system average reward: 1.7658132700581963, loss: 0.006954626180231571.
13:56:42, INFO     [MobileNetwork.py:229] [train] mode: Algorithm.MADQL, time slot: 108, system average reward: 1.8682501056217813, loss: 0.00669961329549551.
13:56:42, INFO     [MobileNetwork.py:229] [train] mode: Algorithm.MADQL, time slot: 109, system average reward: 1.679151951956623, loss: 0.007607992272824049.
13:56:42, INFO     [MobileNetwork.py:229] [train] mode: Algorithm.MADQL, time slot: 110, system average reward: 1.4785541595537788, loss: 0.00713003147393465.
13:56:43, INFO     [MobileNetwork.py:229] [train] mode: Algorithm.MADQL, time slot: 111, system average reward: 1.5965930000693027, loss: 0.00717014167457819.
13:56:43, INFO     [MobileNetwork.py:229] [train] mode: Algorithm.MADQL, time slot: 112, system average reward: 1.7198688164919516, loss: 0.007498765364289284.
13:56:43, INFO     [MobileNetwork.py:229] [train] mode: Algorithm.MADQL, time slot: 113, system average reward: 1.6661421339695581, loss: 0.00737259304150939.
13:56:43, INFO     [MobileNetwork.py:229] [train] mode: Algorithm.MADQL, time slot: 114, system average reward: 1.6763389116125622, loss: 0.006957672070711851.
13:56:43, INFO     [MobileNetwork.py:229] [train] mode: Algorithm.MADQL, time slot: 115, system average reward: 1.7899254449747384, loss: 0.007428169250488281.
13:56:44, INFO     [MobileNetwork.py:229] [train] mode: Algorithm.MADQL, time slot: 116, system average reward: 1.5796304884709886, loss: 0.007963612675666809.
13:56:44, INFO     [MobileNetwork.py:229] [train] mode: Algorithm.MADQL, time slot: 117, system average reward: 2.0059761067505963, loss: 0.006856829859316349.
13:56:44, INFO     [MobileNetwork.py:229] [train] mode: Algorithm.MADQL, time slot: 118, system average reward: 1.6255811849229842, loss: 0.00765000656247139.
13:56:44, INFO     [MobileNetwork.py:229] [train] mode: Algorithm.MADQL, time slot: 119, system average reward: 1.4574243277969747, loss: 0.00676178652793169.
13:56:44, INFO     [MobileNetwork.py:229] [train] mode: Algorithm.MADQL, time slot: 120, system average reward: 1.9478202312655113, loss: 0.007348261307924986.
13:56:44, INFO     [MobileNetwork.py:229] [train] mode: Algorithm.MADQL, time slot: 121, system average reward: 1.7925352519310513, loss: 0.007253008428961039.
13:56:45, INFO     [MobileNetwork.py:229] [train] mode: Algorithm.MADQL, time slot: 122, system average reward: 2.1644159632543807, loss: 0.007396484725177288.
13:56:45, INFO     [MobileNetwork.py:229] [train] mode: Algorithm.MADQL, time slot: 123, system average reward: 1.7279694760978626, loss: 0.007183403242379427.
13:56:45, INFO     [MobileNetwork.py:229] [train] mode: Algorithm.MADQL, time slot: 124, system average reward: 2.21791288679593, loss: 0.008000037632882595.
13:56:45, INFO     [MobileNetwork.py:229] [train] mode: Algorithm.MADQL, time slot: 125, system average reward: 1.4528983163946718, loss: 0.007149905432015657.
13:56:45, INFO     [MobileNetwork.py:229] [train] mode: Algorithm.MADQL, time slot: 126, system average reward: 1.642633425512223, loss: 0.008259421214461327.
13:56:46, INFO     [MobileNetwork.py:229] [train] mode: Algorithm.MADQL, time slot: 127, system average reward: 1.5391035071440695, loss: 0.006891063414514065.
13:56:46, INFO     [MobileNetwork.py:229] [train] mode: Algorithm.MADQL, time slot: 128, system average reward: 1.955607555382627, loss: 0.0073010739870369434.
13:56:46, INFO     [MobileNetwork.py:229] [train] mode: Algorithm.MADQL, time slot: 129, system average reward: 1.801318104694374, loss: 0.0071795969270169735.
13:56:46, INFO     [MobileNetwork.py:229] [train] mode: Algorithm.MADQL, time slot: 130, system average reward: 2.121212934769665, loss: 0.00784545112401247.
13:56:46, INFO     [MobileNetwork.py:229] [train] mode: Algorithm.MADQL, time slot: 131, system average reward: 2.029437257442565, loss: 0.007858016528189182.
13:56:47, INFO     [MobileNetwork.py:229] [train] mode: Algorithm.MADQL, time slot: 132, system average reward: 1.8987085919175664, loss: 0.00716745899990201.
13:56:47, INFO     [MobileNetwork.py:229] [train] mode: Algorithm.MADQL, time slot: 133, system average reward: 1.7602163686224206, loss: 0.007170945405960083.
13:56:47, INFO     [MobileNetwork.py:229] [train] mode: Algorithm.MADQL, time slot: 134, system average reward: 1.973280358850545, loss: 0.007719461340457201.
13:56:47, INFO     [MobileNetwork.py:229] [train] mode: Algorithm.MADQL, time slot: 135, system average reward: 1.7530690264451871, loss: 0.007755173370242119.
13:56:47, INFO     [MobileNetwork.py:229] [train] mode: Algorithm.MADQL, time slot: 136, system average reward: 1.94304755230705, loss: 0.00776371406391263.
13:56:48, INFO     [MobileNetwork.py:229] [train] mode: Algorithm.MADQL, time slot: 137, system average reward: 1.4949285960533572, loss: 0.008144447579979897.
13:56:48, INFO     [MobileNetwork.py:229] [train] mode: Algorithm.MADQL, time slot: 138, system average reward: 1.7369455244645953, loss: 0.00785836298018694.
13:56:48, INFO     [MobileNetwork.py:229] [train] mode: Algorithm.MADQL, time slot: 139, system average reward: 1.7620771665919304, loss: 0.008250455372035503.
13:56:48, INFO     [MobileNetwork.py:229] [train] mode: Algorithm.MADQL, time slot: 140, system average reward: 1.756573803893027, loss: 0.0076393974013626575.
13:56:48, INFO     [MobileNetwork.py:229] [train] mode: Algorithm.MADQL, time slot: 141, system average reward: 1.5649225932779782, loss: 0.007576667238026857.
13:56:49, INFO     [MobileNetwork.py:229] [train] mode: Algorithm.MADQL, time slot: 142, system average reward: 1.6092368273014659, loss: 0.007523612584918737.
13:56:49, INFO     [MobileNetwork.py:229] [train] mode: Algorithm.MADQL, time slot: 143, system average reward: 1.6390146628052207, loss: 0.006852411665022373.
13:56:49, INFO     [MobileNetwork.py:229] [train] mode: Algorithm.MADQL, time slot: 144, system average reward: 1.7758535645293037, loss: 0.007596761453896761.
13:56:49, INFO     [MobileNetwork.py:229] [train] mode: Algorithm.MADQL, time slot: 145, system average reward: 1.8410425762725284, loss: 0.006961426232010126.
13:56:49, INFO     [MobileNetwork.py:229] [train] mode: Algorithm.MADQL, time slot: 146, system average reward: 2.074100360717147, loss: 0.0076270815916359425.
13:56:50, INFO     [MobileNetwork.py:229] [train] mode: Algorithm.MADQL, time slot: 147, system average reward: 1.5684755644115955, loss: 0.007057972718030214.
13:56:50, INFO     [MobileNetwork.py:229] [train] mode: Algorithm.MADQL, time slot: 148, system average reward: 1.8844354118891053, loss: 0.0075821056962013245.
13:56:50, INFO     [MobileNetwork.py:229] [train] mode: Algorithm.MADQL, time slot: 149, system average reward: 1.9406937281306942, loss: 0.006787932477891445.
