-----------------------NETWORK CONFIG-------------------------------
DATE: 2021-05-12, TIME: 10:13:32
reg_beta = 1e-05, drop_out_rate = 0.5, learning_rate = 0.0001
num_epochs = 100, theta = 0.5, mini_batch_size = 16,
layer1_unit = 1024, layer2_unit = 1024, mode = initial
-----------------------------END------------------------------------
-----------------------NETWORK CONFIG-------------------------------
DATE: 2021-05-12, TIME: 10:15:25
reg_beta = 1e-05, drop_out_rate = 0.5, learning_rate = 0.0001
num_epochs = 100, theta = 0.5, mini_batch_size = 16,
layer1_unit = 1024, layer2_unit = 1024, mode = initial
-----------------------------END------------------------------------
-----------------------NETWORK CONFIG-------------------------------
DATE: 2021-05-12, TIME: 10:19:35
reg_beta = 1e-05, drop_out_rate = 0.5, learning_rate = 0.0001
num_epochs = 100, theta = 0.5, mini_batch_size = 16,
layer1_unit = 1024, layer2_unit = 1024, mode = initial
-----------------------------END------------------------------------
-----------------------NETWORK CONFIG-------------------------------
DATE: 2021-05-12, TIME: 10:23:06
reg_beta = 1e-05, drop_out_rate = 0.5, learning_rate = 0.0001
num_epochs = 100, theta = 0.5, mini_batch_size = 16,
layer1_unit = 1024, layer2_unit = 1024, mode = initial
-----------------------------END------------------------------------
-----------------------NETWORK CONFIG-------------------------------
DATE: 2021-05-12, TIME: 10:24:36
reg_beta = 1e-05, drop_out_rate = 0.5, learning_rate = 0.0001
num_epochs = 100, theta = 0.5, mini_batch_size = 16,
layer1_unit = 1024, layer2_unit = 1024, mode = initial
-----------------------------END------------------------------------
-----------------------NETWORK CONFIG-------------------------------
DATE: 2021-05-12, TIME: 10:25:04
reg_beta = 1e-05, drop_out_rate = 0.5, learning_rate = 0.0001
num_epochs = 100, theta = 0.5, mini_batch_size = 16,
layer1_unit = 1024, layer2_unit = 1024, mode = initial
-----------------------------END------------------------------------
-----------------------NETWORK CONFIG-------------------------------
DATE: 2021-05-12, TIME: 10:26:25
reg_beta = 1e-05, drop_out_rate = 0.5, learning_rate = 0.0001
num_epochs = 100, theta = 0.5, mini_batch_size = 16,
layer1_unit = 1024, layer2_unit = 1024, mode = initial
-----------------------------END------------------------------------
epoch = 1: 
    epoch_loss ----- 4.908022403717041
    epoch_power_loss ----- 3.7840442657470703
    epoch_beam_loss ----- 6.032008171081543
  cross validation: 
    validation_loss ----- 4.644225120544434
    validation_power_loss ----- 3.4646947383880615
    validation_beam_loss ----- 5.823755264282227
epoch = 2: 
    epoch_loss ----- 4.482938766479492
    epoch_power_loss ----- 3.2777259349823
    epoch_beam_loss ----- 5.6881537437438965
  cross validation: 
    validation_loss ----- 4.365115165710449
    validation_power_loss ----- 3.2517266273498535
    validation_beam_loss ----- 5.478504180908203
epoch = 3: 
    epoch_loss ----- 4.1729888916015625
    epoch_power_loss ----- 3.178450107574463
    epoch_beam_loss ----- 5.16752815246582
  cross validation: 
    validation_loss ----- 4.017753601074219
    validation_power_loss ----- 3.180614948272705
    validation_beam_loss ----- 4.854892253875732
epoch = 4: 
    epoch_loss ----- 3.9259567260742188
    epoch_power_loss ----- 3.146836996078491
    epoch_beam_loss ----- 4.705079555511475
  cross validation: 
    validation_loss ----- 3.8960988521575928
    validation_power_loss ----- 3.192610263824463
    validation_beam_loss ----- 4.599587440490723
epoch = 5: 
    epoch_loss ----- 3.7960824966430664
    epoch_power_loss ----- 3.095975637435913
    epoch_beam_loss ----- 4.496186256408691
  cross validation: 
    validation_loss ----- 3.8462696075439453
    validation_power_loss ----- 3.1709346771240234
    validation_beam_loss ----- 4.521604537963867
epoch = 6: 
    epoch_loss ----- 3.7139525413513184
    epoch_power_loss ----- 3.058816432952881
    epoch_beam_loss ----- 4.369090557098389
  cross validation: 
    validation_loss ----- 3.7527239322662354
    validation_power_loss ----- 3.104891777038574
    validation_beam_loss ----- 4.4005560874938965
epoch = 7: 
    epoch_loss ----- 3.642998218536377
    epoch_power_loss ----- 3.0397708415985107
    epoch_beam_loss ----- 4.2462286949157715
  cross validation: 
    validation_loss ----- 3.7153425216674805
    validation_power_loss ----- 3.1100540161132812
    validation_beam_loss ----- 4.32063102722168
