-----------------------NETWORK CONFIG-------------------------------
DATE: 2021-04-22, TIME: 16:24:51
reg_beta = 0.01, drop_out_rate = 0.5, learning_rate = 0.0001
num_epochs = 100, theta = 0.5, mini_batch_size = 16,
layer1_unit = 1024, layer2_unit = 1024
-----------------------------END------------------------------------
epoch = 1: 
    epoch_loss ----- 2.9367644786834717
    epoch_power_loss ----- 2.8002166748046875
    epoch_beam_loss ----- 3.073310613632202
  cross validation: 
    validation_loss ----- 3.1102240085601807
    validation_power_loss ----- 2.9667346477508545
    validation_beam_loss ----- 2.9667346477508545
epoch = 2: 
    epoch_loss ----- 2.918886423110962
    epoch_power_loss ----- 2.786041021347046
    epoch_beam_loss ----- 3.051732301712036
  cross validation: 
    validation_loss ----- 3.1801795959472656
    validation_power_loss ----- 2.9635744094848633
    validation_beam_loss ----- 2.9635744094848633
epoch = 3: 
    epoch_loss ----- 2.9311931133270264
    epoch_power_loss ----- 2.802772045135498
    epoch_beam_loss ----- 3.0596132278442383
  cross validation: 
    validation_loss ----- 3.2169315814971924
    validation_power_loss ----- 3.002793788909912
    validation_beam_loss ----- 3.002793788909912
epoch = 4: 
    epoch_loss ----- 2.926042079925537
    epoch_power_loss ----- 2.795752763748169
    epoch_beam_loss ----- 3.056326150894165
  cross validation: 
    validation_loss ----- 3.1298558712005615
    validation_power_loss ----- 2.9700231552124023
    validation_beam_loss ----- 2.9700231552124023
epoch = 5: 
    epoch_loss ----- 2.926218271255493
    epoch_power_loss ----- 2.7848000526428223
    epoch_beam_loss ----- 3.067638635635376
  cross validation: 
    validation_loss ----- 3.1470131874084473
    validation_power_loss ----- 3.006944417953491
    validation_beam_loss ----- 3.006944417953491
epoch = 6: 
    epoch_loss ----- 2.92964243888855
    epoch_power_loss ----- 2.7912709712982178
    epoch_beam_loss ----- 3.0680124759674072
  cross validation: 
    validation_loss ----- 3.1689658164978027
    validation_power_loss ----- 3.0625810623168945
    validation_beam_loss ----- 3.0625810623168945
epoch = 7: 
    epoch_loss ----- 2.9320998191833496
    epoch_power_loss ----- 2.798297882080078
    epoch_beam_loss ----- 3.0659048557281494
  cross validation: 
    validation_loss ----- 3.1343042850494385
    validation_power_loss ----- 2.9614901542663574
    validation_beam_loss ----- 2.9614901542663574
epoch = 8: 
    epoch_loss ----- 2.919612169265747
    epoch_power_loss ----- 2.796419858932495
    epoch_beam_loss ----- 3.0428054332733154
  cross validation: 
    validation_loss ----- 3.1245484352111816
    validation_power_loss ----- 2.9657888412475586
    validation_beam_loss ----- 2.9657888412475586
epoch = 9: 
    epoch_loss ----- 2.930288791656494
    epoch_power_loss ----- 2.792424201965332
    epoch_beam_loss ----- 3.0681538581848145
  cross validation: 
    validation_loss ----- 3.092838764190674
    validation_power_loss ----- 2.9776060581207275
    validation_beam_loss ----- 2.9776060581207275
epoch = 10: 
    epoch_loss ----- 2.923074722290039
    epoch_power_loss ----- 2.790282964706421
    epoch_beam_loss ----- 3.0558691024780273
  cross validation: 
    validation_loss ----- 3.1128764152526855
    validation_power_loss ----- 2.9945645332336426
    validation_beam_loss ----- 2.9945645332336426
epoch = 11: 
    epoch_loss ----- 2.9260482788085938
    epoch_power_loss ----- 2.7908899784088135
    epoch_beam_loss ----- 3.0612008571624756
  cross validation: 
    validation_loss ----- 3.157086133956909
    validation_power_loss ----- 3.017296314239502
    validation_beam_loss ----- 3.017296314239502
epoch = 12: 
    epoch_loss ----- 2.929252862930298
    epoch_power_loss ----- 2.7924492359161377
    epoch_beam_loss ----- 3.0660576820373535
  cross validation: 
    validation_loss ----- 3.09572696685791
    validation_power_loss ----- 2.9577789306640625
    validation_beam_loss ----- 2.9577789306640625
epoch = 13: 
    epoch_loss ----- 2.9165232181549072
    epoch_power_loss ----- 2.7909913063049316
    epoch_beam_loss ----- 3.04205322265625
  cross validation: 
    validation_loss ----- 3.160299301147461
    validation_power_loss ----- 3.0065596103668213
    validation_beam_loss ----- 3.0065596103668213
epoch = 14: 
    epoch_loss ----- 2.9237868785858154
    epoch_power_loss ----- 2.7849130630493164
    epoch_beam_loss ----- 3.062664031982422
  cross validation: 
    validation_loss ----- 3.162466049194336
    validation_power_loss ----- 3.0099070072174072
    validation_beam_loss ----- 3.0099070072174072
epoch = 15: 
    epoch_loss ----- 2.9184558391571045
    epoch_power_loss ----- 2.7924206256866455
    epoch_beam_loss ----- 3.0444939136505127
  cross validation: 
    validation_loss ----- 3.1794745922088623
    validation_power_loss ----- 3.018425464630127
    validation_beam_loss ----- 3.018425464630127
epoch = 16: 
    epoch_loss ----- 2.917384147644043
    epoch_power_loss ----- 2.7840542793273926
    epoch_beam_loss ----- 3.050712823867798
  cross validation: 
    validation_loss ----- 3.1361563205718994
    validation_power_loss ----- 2.990999221801758
    validation_beam_loss ----- 2.990999221801758
epoch = 17: 
    epoch_loss ----- 2.9220175743103027
    epoch_power_loss ----- 2.791501045227051
    epoch_beam_loss ----- 3.0525341033935547
  cross validation: 
    validation_loss ----- 3.0912764072418213
    validation_power_loss ----- 2.944828987121582
    validation_beam_loss ----- 2.944828987121582
epoch = 18: 
    epoch_loss ----- 2.9139633178710938
    epoch_power_loss ----- 2.784137010574341
    epoch_beam_loss ----- 3.04378604888916
  cross validation: 
    validation_loss ----- 3.1962742805480957
    validation_power_loss ----- 3.0067412853240967
    validation_beam_loss ----- 3.0067412853240967
epoch = 19: 
    epoch_loss ----- 2.9233226776123047
    epoch_power_loss ----- 2.792874574661255
    epoch_beam_loss ----- 3.05376935005188
  cross validation: 
    validation_loss ----- 3.0747504234313965
    validation_power_loss ----- 2.923365592956543
    validation_beam_loss ----- 2.923365592956543
epoch = 20: 
    epoch_loss ----- 2.9205355644226074
    epoch_power_loss ----- 2.782529354095459
    epoch_beam_loss ----- 3.0585384368896484
  cross validation: 
    validation_loss ----- 3.091157913208008
    validation_power_loss ----- 2.9754750728607178
    validation_beam_loss ----- 2.9754750728607178
epoch = 21: 
    epoch_loss ----- 2.9147515296936035
    epoch_power_loss ----- 2.7826688289642334
    epoch_beam_loss ----- 3.046832799911499
  cross validation: 
    validation_loss ----- 3.161201000213623
    validation_power_loss ----- 2.997743844985962
    validation_beam_loss ----- 2.997743844985962
epoch = 22: 
    epoch_loss ----- 2.9153292179107666
    epoch_power_loss ----- 2.7835702896118164
    epoch_beam_loss ----- 3.0470876693725586
  cross validation: 
    validation_loss ----- 3.134861469268799
    validation_power_loss ----- 2.9879376888275146
    validation_beam_loss ----- 2.9879376888275146
epoch = 23: 
    epoch_loss ----- 2.922820568084717
    epoch_power_loss ----- 2.787649154663086
    epoch_beam_loss ----- 3.057994842529297
  cross validation: 
    validation_loss ----- 3.10622501373291
    validation_power_loss ----- 2.970447063446045
    validation_beam_loss ----- 2.970447063446045
epoch = 24: 
    epoch_loss ----- 2.9191219806671143
    epoch_power_loss ----- 2.786701202392578
    epoch_beam_loss ----- 3.051541328430176
  cross validation: 
    validation_loss ----- 3.1830897331237793
    validation_power_loss ----- 2.9927477836608887
    validation_beam_loss ----- 2.9927477836608887
epoch = 25: 
    epoch_loss ----- 2.911222219467163
    epoch_power_loss ----- 2.782991647720337
    epoch_beam_loss ----- 3.0394532680511475
  cross validation: 
    validation_loss ----- 3.137946605682373
    validation_power_loss ----- 2.9684159755706787
    validation_beam_loss ----- 2.9684159755706787
epoch = 26: 
    epoch_loss ----- 2.921403646469116
    epoch_power_loss ----- 2.7815823554992676
    epoch_beam_loss ----- 3.061227560043335
  cross validation: 
    validation_loss ----- 3.125053644180298
    validation_power_loss ----- 2.959702968597412
    validation_beam_loss ----- 2.959702968597412
epoch = 27: 
    epoch_loss ----- 2.9055628776550293
    epoch_power_loss ----- 2.7796385288238525
    epoch_beam_loss ----- 3.0314900875091553
  cross validation: 
    validation_loss ----- 3.0943543910980225
    validation_power_loss ----- 2.9388036727905273
    validation_beam_loss ----- 2.9388036727905273
epoch = 28: 
    epoch_loss ----- 2.91732120513916
    epoch_power_loss ----- 2.790884494781494
    epoch_beam_loss ----- 3.0437569618225098
  cross validation: 
    validation_loss ----- 3.1226274967193604
    validation_power_loss ----- 3.0170297622680664
    validation_beam_loss ----- 3.0170297622680664
epoch = 29: 
    epoch_loss ----- 2.918166399002075
    epoch_power_loss ----- 2.785794258117676
    epoch_beam_loss ----- 3.050537109375
  cross validation: 
    validation_loss ----- 3.136382579803467
    validation_power_loss ----- 3.015744209289551
    validation_beam_loss ----- 3.015744209289551
epoch = 30: 
    epoch_loss ----- 2.9065561294555664
    epoch_power_loss ----- 2.787980318069458
    epoch_beam_loss ----- 3.0251288414001465
  cross validation: 
    validation_loss ----- 3.100135564804077
    validation_power_loss ----- 2.959446907043457
    validation_beam_loss ----- 2.959446907043457
epoch = 31: 
    epoch_loss ----- 2.913149356842041
    epoch_power_loss ----- 2.782951593399048
    epoch_beam_loss ----- 3.043351888656616
  cross validation: 
    validation_loss ----- 3.12198543548584
    validation_power_loss ----- 2.943953514099121
    validation_beam_loss ----- 2.943953514099121
epoch = 32: 
    epoch_loss ----- 2.904120922088623
    epoch_power_loss ----- 2.778453826904297
    epoch_beam_loss ----- 3.0297930240631104
  cross validation: 
    validation_loss ----- 3.1415810585021973
    validation_power_loss ----- 2.960085153579712
    validation_beam_loss ----- 2.960085153579712
epoch = 33: 
    epoch_loss ----- 2.9149279594421387
    epoch_power_loss ----- 2.785554885864258
    epoch_beam_loss ----- 3.0443031787872314
  cross validation: 
    validation_loss ----- 3.1240758895874023
    validation_power_loss ----- 2.9681594371795654
    validation_beam_loss ----- 2.9681594371795654
epoch = 34: 
    epoch_loss ----- 2.9053289890289307
    epoch_power_loss ----- 2.7768867015838623
    epoch_beam_loss ----- 3.0337653160095215
  cross validation: 
    validation_loss ----- 3.12856388092041
    validation_power_loss ----- 2.9572105407714844
    validation_beam_loss ----- 2.9572105407714844
epoch = 35: 
    epoch_loss ----- 2.913141965866089
    epoch_power_loss ----- 2.7864906787872314
    epoch_beam_loss ----- 3.0397884845733643
  cross validation: 
    validation_loss ----- 3.1234755516052246
    validation_power_loss ----- 2.958871364593506
    validation_beam_loss ----- 2.958871364593506
epoch = 36: 
    epoch_loss ----- 2.9117069244384766
    epoch_power_loss ----- 2.778444766998291
    epoch_beam_loss ----- 3.0449652671813965
  cross validation: 
    validation_loss ----- 3.1135287284851074
    validation_power_loss ----- 2.962935209274292
    validation_beam_loss ----- 2.962935209274292
epoch = 37: 
    epoch_loss ----- 2.9081435203552246
    epoch_power_loss ----- 2.774415969848633
    epoch_beam_loss ----- 3.04187273979187
  cross validation: 
    validation_loss ----- 3.1280455589294434
    validation_power_loss ----- 2.990286111831665
    validation_beam_loss ----- 2.990286111831665
epoch = 38: 
    epoch_loss ----- 2.911283254623413
    epoch_power_loss ----- 2.7775611877441406
    epoch_beam_loss ----- 3.0450031757354736
  cross validation: 
    validation_loss ----- 3.077263116836548
    validation_power_loss ----- 2.9467501640319824
    validation_beam_loss ----- 2.9467501640319824
epoch = 39: 
    epoch_loss ----- 2.9051904678344727
    epoch_power_loss ----- 2.771587610244751
    epoch_beam_loss ----- 3.038787603378296
  cross validation: 
    validation_loss ----- 3.1359212398529053
    validation_power_loss ----- 2.937532424926758
    validation_beam_loss ----- 2.937532424926758
epoch = 40: 
    epoch_loss ----- 2.9022693634033203
    epoch_power_loss ----- 2.7796683311462402
    epoch_beam_loss ----- 3.024869441986084
  cross validation: 
    validation_loss ----- 3.115361213684082
    validation_power_loss ----- 2.9859423637390137
    validation_beam_loss ----- 2.9859423637390137
epoch = 41: 
    epoch_loss ----- 2.91050124168396
    epoch_power_loss ----- 2.780207395553589
    epoch_beam_loss ----- 3.0407915115356445
  cross validation: 
    validation_loss ----- 3.1406219005584717
    validation_power_loss ----- 3.049826145172119
    validation_beam_loss ----- 3.049826145172119
epoch = 42: 
    epoch_loss ----- 2.914536237716675
    epoch_power_loss ----- 2.785250663757324
    epoch_beam_loss ----- 3.0438265800476074
  cross validation: 
    validation_loss ----- 3.1490890979766846
    validation_power_loss ----- 2.9743576049804688
    validation_beam_loss ----- 2.9743576049804688
epoch = 43: 
    epoch_loss ----- 2.91245174407959
    epoch_power_loss ----- 2.7818310260772705
    epoch_beam_loss ----- 3.0430784225463867
  cross validation: 
    validation_loss ----- 3.1010453701019287
    validation_power_loss ----- 2.943631172180176
    validation_beam_loss ----- 2.943631172180176
epoch = 44: 
    epoch_loss ----- 2.904325008392334
    epoch_power_loss ----- 2.7807211875915527
    epoch_beam_loss ----- 3.0279316902160645
  cross validation: 
    validation_loss ----- 3.1160478591918945
    validation_power_loss ----- 2.9601874351501465
    validation_beam_loss ----- 2.9601874351501465
epoch = 45: 
    epoch_loss ----- 2.9054324626922607
    epoch_power_loss ----- 2.7737088203430176
    epoch_beam_loss ----- 3.037154197692871
  cross validation: 
    validation_loss ----- 3.0871546268463135
    validation_power_loss ----- 2.9240119457244873
    validation_beam_loss ----- 2.9240119457244873
epoch = 46: 
    epoch_loss ----- 2.905996084213257
    epoch_power_loss ----- 2.7839953899383545
    epoch_beam_loss ----- 3.027998924255371
  cross validation: 
    validation_loss ----- 3.152413845062256
    validation_power_loss ----- 3.008922576904297
    validation_beam_loss ----- 3.008922576904297
epoch = 47: 
    epoch_loss ----- 2.915431261062622
    epoch_power_loss ----- 2.7866835594177246
    epoch_beam_loss ----- 3.044179677963257
  cross validation: 
    validation_loss ----- 3.1027379035949707
    validation_power_loss ----- 2.9563355445861816
    validation_beam_loss ----- 2.9563355445861816
epoch = 48: 
    epoch_loss ----- 2.908700704574585
    epoch_power_loss ----- 2.7809994220733643
    epoch_beam_loss ----- 3.036405086517334
  cross validation: 
    validation_loss ----- 3.2044317722320557
    validation_power_loss ----- 2.953211784362793
    validation_beam_loss ----- 2.953211784362793
epoch = 49: 
    epoch_loss ----- 2.91056227684021
    epoch_power_loss ----- 2.7775449752807617
    epoch_beam_loss ----- 3.0435822010040283
  cross validation: 
    validation_loss ----- 3.1819369792938232
    validation_power_loss ----- 2.999850273132324
    validation_beam_loss ----- 2.999850273132324
epoch = 50: 
    epoch_loss ----- 2.909379482269287
    epoch_power_loss ----- 2.7751924991607666
    epoch_beam_loss ----- 3.0435664653778076
  cross validation: 
    validation_loss ----- 3.108851909637451
    validation_power_loss ----- 2.9461264610290527
    validation_beam_loss ----- 2.9461264610290527
epoch = 51: 
    epoch_loss ----- 2.906862497329712
    epoch_power_loss ----- 2.774413824081421
    epoch_beam_loss ----- 3.0393106937408447
  cross validation: 
    validation_loss ----- 3.085970401763916
    validation_power_loss ----- 2.9408512115478516
    validation_beam_loss ----- 2.9408512115478516
epoch = 52: 
    epoch_loss ----- 2.898719072341919
    epoch_power_loss ----- 2.76761531829834
    epoch_beam_loss ----- 3.0298235416412354
  cross validation: 
    validation_loss ----- 3.130770206451416
    validation_power_loss ----- 2.979222297668457
    validation_beam_loss ----- 2.979222297668457
epoch = 53: 
    epoch_loss ----- 2.899324655532837
    epoch_power_loss ----- 2.775330066680908
    epoch_beam_loss ----- 3.0233211517333984
  cross validation: 
    validation_loss ----- 3.090996742248535
    validation_power_loss ----- 2.9619085788726807
    validation_beam_loss ----- 2.9619085788726807
epoch = 54: 
    epoch_loss ----- 2.8975422382354736
    epoch_power_loss ----- 2.7741310596466064
    epoch_beam_loss ----- 3.0209507942199707
  cross validation: 
    validation_loss ----- 3.166520118713379
    validation_power_loss ----- 3.092226028442383
    validation_beam_loss ----- 3.092226028442383
epoch = 55: 
    epoch_loss ----- 2.9082090854644775
    epoch_power_loss ----- 2.7762677669525146
    epoch_beam_loss ----- 3.040147066116333
  cross validation: 
    validation_loss ----- 3.0895514488220215
    validation_power_loss ----- 2.938854694366455
    validation_beam_loss ----- 2.938854694366455
epoch = 56: 
    epoch_loss ----- 2.9020047187805176
    epoch_power_loss ----- 2.7709996700286865
    epoch_beam_loss ----- 3.033010482788086
  cross validation: 
    validation_loss ----- 3.1324100494384766
    validation_power_loss ----- 3.0267577171325684
    validation_beam_loss ----- 3.0267577171325684
epoch = 57: 
    epoch_loss ----- 2.9052627086639404
    epoch_power_loss ----- 2.780538558959961
    epoch_beam_loss ----- 3.0299859046936035
  cross validation: 
    validation_loss ----- 3.1240556240081787
    validation_power_loss ----- 3.0209145545959473
    validation_beam_loss ----- 3.0209145545959473
-----------------------NETWORK CONFIG-------------------------------
DATE: 2021-04-22, TIME: 16:46:56
reg_beta = 0.01, drop_out_rate = 0.5, learning_rate = 0.0001
num_epochs = 100, theta = 0.5, mini_batch_size = 16,
layer1_unit = 1024, layer2_unit = 1024, mode = initial
-----------------------------END------------------------------------
epoch = 1: 
    epoch_loss ----- 4.0497965812683105
    epoch_power_loss ----- 3.37105393409729
    epoch_beam_loss ----- 4.728541851043701
  cross validation: 
    validation_loss ----- 3.729184627532959
    validation_power_loss ----- 3.3409781455993652
    validation_beam_loss ----- 3.3409781455993652
epoch = 2: 
    epoch_loss ----- 3.517723560333252
    epoch_power_loss ----- 3.166273355484009
    epoch_beam_loss ----- 3.8691835403442383
  cross validation: 
    validation_loss ----- 3.543051242828369
    validation_power_loss ----- 3.256126642227173
    validation_beam_loss ----- 3.256126642227173
epoch = 3: 
    epoch_loss ----- 3.3943850994110107
    epoch_power_loss ----- 3.0878944396972656
    epoch_beam_loss ----- 3.700875759124756
  cross validation: 
    validation_loss ----- 3.473238229751587
    validation_power_loss ----- 3.2090277671813965
    validation_beam_loss ----- 3.2090277671813965
epoch = 4: 
    epoch_loss ----- 3.3099541664123535
    epoch_power_loss ----- 3.045227527618408
    epoch_beam_loss ----- 3.5746822357177734
  cross validation: 
    validation_loss ----- 3.4348340034484863
    validation_power_loss ----- 3.2132210731506348
    validation_beam_loss ----- 3.2132210731506348
epoch = 5: 
    epoch_loss ----- 3.258343458175659
    epoch_power_loss ----- 3.0174641609191895
    epoch_beam_loss ----- 3.4992175102233887
  cross validation: 
    validation_loss ----- 3.3812761306762695
    validation_power_loss ----- 3.1696557998657227
    validation_beam_loss ----- 3.1696557998657227
epoch = 6: 
    epoch_loss ----- 3.2227962017059326
    epoch_power_loss ----- 2.9831631183624268
    epoch_beam_loss ----- 3.4624295234680176
  cross validation: 
    validation_loss ----- 3.319800853729248
    validation_power_loss ----- 3.1275522708892822
    validation_beam_loss ----- 3.1275522708892822
epoch = 7: 
    epoch_loss ----- 3.2054643630981445
    epoch_power_loss ----- 2.965571641921997
    epoch_beam_loss ----- 3.4453582763671875
  cross validation: 
    validation_loss ----- 3.3252038955688477
    validation_power_loss ----- 3.086472272872925
    validation_beam_loss ----- 3.086472272872925
epoch = 8: 
    epoch_loss ----- 3.1758153438568115
    epoch_power_loss ----- 2.9510304927825928
    epoch_beam_loss ----- 3.400597333908081
  cross validation: 
    validation_loss ----- 3.29532527923584
    validation_power_loss ----- 3.0618062019348145
    validation_beam_loss ----- 3.0618062019348145
epoch = 9: 
    epoch_loss ----- 3.1593246459960938
    epoch_power_loss ----- 2.9338529109954834
    epoch_beam_loss ----- 3.3847973346710205
  cross validation: 
    validation_loss ----- 3.3474647998809814
    validation_power_loss ----- 3.1242151260375977
    validation_beam_loss ----- 3.1242151260375977
epoch = 10: 
    epoch_loss ----- 3.15114164352417
    epoch_power_loss ----- 2.9313783645629883
    epoch_beam_loss ----- 3.3709046840667725
  cross validation: 
    validation_loss ----- 3.2853124141693115
    validation_power_loss ----- 3.0556626319885254
    validation_beam_loss ----- 3.0556626319885254
epoch = 11: 
    epoch_loss ----- 3.1283631324768066
    epoch_power_loss ----- 2.9260759353637695
    epoch_beam_loss ----- 3.330655097961426
  cross validation: 
    validation_loss ----- 3.266812324523926
    validation_power_loss ----- 3.0829625129699707
    validation_beam_loss ----- 3.0829625129699707
epoch = 12: 
    epoch_loss ----- 3.1259219646453857
    epoch_power_loss ----- 2.9162650108337402
    epoch_beam_loss ----- 3.3355796337127686
  cross validation: 
    validation_loss ----- 3.2811546325683594
    validation_power_loss ----- 3.0770459175109863
    validation_beam_loss ----- 3.0770459175109863
epoch = 13: 
    epoch_loss ----- 3.1129791736602783
    epoch_power_loss ----- 2.909808874130249
    epoch_beam_loss ----- 3.3161463737487793
  cross validation: 
    validation_loss ----- 3.2411577701568604
    validation_power_loss ----- 3.051260232925415
    validation_beam_loss ----- 3.051260232925415
epoch = 14: 
    epoch_loss ----- 3.104893445968628
    epoch_power_loss ----- 2.9031786918640137
    epoch_beam_loss ----- 3.3066062927246094
  cross validation: 
    validation_loss ----- 3.220329523086548
    validation_power_loss ----- 3.044715404510498
    validation_beam_loss ----- 3.044715404510498
epoch = 15: 
    epoch_loss ----- 3.094338893890381
    epoch_power_loss ----- 2.897597551345825
    epoch_beam_loss ----- 3.29107928276062
  cross validation: 
    validation_loss ----- 3.257457733154297
    validation_power_loss ----- 3.028395175933838
    validation_beam_loss ----- 3.028395175933838
epoch = 16: 
    epoch_loss ----- 3.0829977989196777
    epoch_power_loss ----- 2.887439727783203
    epoch_beam_loss ----- 3.278559446334839
  cross validation: 
    validation_loss ----- 3.2183589935302734
    validation_power_loss ----- 3.023411273956299
    validation_beam_loss ----- 3.023411273956299
epoch = 17: 
    epoch_loss ----- 3.0763661861419678
    epoch_power_loss ----- 2.8911731243133545
    epoch_beam_loss ----- 3.2615630626678467
  cross validation: 
    validation_loss ----- 3.2288825511932373
    validation_power_loss ----- 3.0504534244537354
    validation_beam_loss ----- 3.0504534244537354
epoch = 18: 
    epoch_loss ----- 3.0670549869537354
    epoch_power_loss ----- 2.884667158126831
    epoch_beam_loss ----- 3.2494430541992188
  cross validation: 
    validation_loss ----- 3.2126193046569824
    validation_power_loss ----- 3.037963628768921
    validation_beam_loss ----- 3.037963628768921
epoch = 19: 
    epoch_loss ----- 3.0586965084075928
    epoch_power_loss ----- 2.8781096935272217
    epoch_beam_loss ----- 3.239281177520752
  cross validation: 
    validation_loss ----- 3.2206802368164062
    validation_power_loss ----- 3.0178022384643555
    validation_beam_loss ----- 3.0178022384643555
epoch = 20: 
    epoch_loss ----- 3.0636136531829834
    epoch_power_loss ----- 2.8789243698120117
    epoch_beam_loss ----- 3.248305320739746
  cross validation: 
    validation_loss ----- 3.1973016262054443
    validation_power_loss ----- 3.022346019744873
    validation_beam_loss ----- 3.022346019744873
epoch = 21: 
    epoch_loss ----- 3.0542564392089844
    epoch_power_loss ----- 2.876753330230713
    epoch_beam_loss ----- 3.2317540645599365
  cross validation: 
    validation_loss ----- 3.25158953666687
    validation_power_loss ----- 3.0621209144592285
    validation_beam_loss ----- 3.0621209144592285
epoch = 22: 
    epoch_loss ----- 3.0631492137908936
    epoch_power_loss ----- 2.8753268718719482
    epoch_beam_loss ----- 3.25097393989563
  cross validation: 
    validation_loss ----- 3.1890711784362793
    validation_power_loss ----- 3.0396595001220703
    validation_beam_loss ----- 3.0396595001220703
epoch = 23: 
    epoch_loss ----- 3.0537378787994385
    epoch_power_loss ----- 2.874751091003418
    epoch_beam_loss ----- 3.232722520828247
  cross validation: 
    validation_loss ----- 3.2056260108947754
    validation_power_loss ----- 3.042599678039551
    validation_beam_loss ----- 3.042599678039551
epoch = 24: 
    epoch_loss ----- 3.0442540645599365
    epoch_power_loss ----- 2.8786370754241943
    epoch_beam_loss ----- 3.209869623184204
  cross validation: 
    validation_loss ----- 3.2204408645629883
    validation_power_loss ----- 3.0310800075531006
    validation_beam_loss ----- 3.0310800075531006
epoch = 25: 
    epoch_loss ----- 3.0402278900146484
    epoch_power_loss ----- 2.862192153930664
    epoch_beam_loss ----- 3.218263864517212
  cross validation: 
    validation_loss ----- 3.2687933444976807
    validation_power_loss ----- 3.034801959991455
    validation_beam_loss ----- 3.034801959991455
epoch = 26: 
    epoch_loss ----- 3.0353496074676514
    epoch_power_loss ----- 2.8638246059417725
    epoch_beam_loss ----- 3.206876277923584
  cross validation: 
    validation_loss ----- 3.2415263652801514
    validation_power_loss ----- 3.0589241981506348
    validation_beam_loss ----- 3.0589241981506348
epoch = 27: 
    epoch_loss ----- 3.0284135341644287
    epoch_power_loss ----- 2.8562753200531006
    epoch_beam_loss ----- 3.2005488872528076
  cross validation: 
    validation_loss ----- 3.221680164337158
    validation_power_loss ----- 3.0556392669677734
    validation_beam_loss ----- 3.0556392669677734
epoch = 28: 
    epoch_loss ----- 3.0296006202697754
    epoch_power_loss ----- 2.864553689956665
    epoch_beam_loss ----- 3.194643974304199
  cross validation: 
    validation_loss ----- 3.207815170288086
    validation_power_loss ----- 3.052149772644043
    validation_beam_loss ----- 3.052149772644043
epoch = 29: 
    epoch_loss ----- 3.0323314666748047
    epoch_power_loss ----- 2.8621020317077637
    epoch_beam_loss ----- 3.2025580406188965
  cross validation: 
    validation_loss ----- 3.1916797161102295
    validation_power_loss ----- 3.048692226409912
    validation_beam_loss ----- 3.048692226409912
epoch = 30: 
    epoch_loss ----- 3.017500162124634
    epoch_power_loss ----- 2.84892201423645
    epoch_beam_loss ----- 3.186079263687134
  cross validation: 
    validation_loss ----- 3.1934866905212402
    validation_power_loss ----- 3.017883539199829
    validation_beam_loss ----- 3.017883539199829
epoch = 31: 
    epoch_loss ----- 3.029771566390991
    epoch_power_loss ----- 2.857998847961426
    epoch_beam_loss ----- 3.2015514373779297
  cross validation: 
    validation_loss ----- 3.2425537109375
    validation_power_loss ----- 3.060861110687256
    validation_beam_loss ----- 3.060861110687256
epoch = 32: 
    epoch_loss ----- 3.0170769691467285
    epoch_power_loss ----- 2.8481833934783936
    epoch_beam_loss ----- 3.1859681606292725
  cross validation: 
    validation_loss ----- 3.229870557785034
    validation_power_loss ----- 3.0380215644836426
    validation_beam_loss ----- 3.0380215644836426
epoch = 33: 
    epoch_loss ----- 3.0197198390960693
    epoch_power_loss ----- 2.853090286254883
    epoch_beam_loss ----- 3.186350107192993
  cross validation: 
    validation_loss ----- 3.1872849464416504
    validation_power_loss ----- 3.0131800174713135
    validation_beam_loss ----- 3.0131800174713135
epoch = 34: 
    epoch_loss ----- 3.006561040878296
    epoch_power_loss ----- 2.84452486038208
    epoch_beam_loss ----- 3.16859769821167
  cross validation: 
    validation_loss ----- 3.168818473815918
    validation_power_loss ----- 3.0376617908477783
    validation_beam_loss ----- 3.0376617908477783
epoch = 35: 
    epoch_loss ----- 3.004110813140869
    epoch_power_loss ----- 2.8469715118408203
    epoch_beam_loss ----- 3.161249876022339
  cross validation: 
    validation_loss ----- 3.164656639099121
    validation_power_loss ----- 3.0179357528686523
    validation_beam_loss ----- 3.0179357528686523
epoch = 36: 
    epoch_loss ----- 3.0049941539764404
    epoch_power_loss ----- 2.8385863304138184
    epoch_beam_loss ----- 3.1714088916778564
  cross validation: 
    validation_loss ----- 3.1614367961883545
    validation_power_loss ----- 3.0061821937561035
    validation_beam_loss ----- 3.0061821937561035
epoch = 37: 
    epoch_loss ----- 3.001270294189453
    epoch_power_loss ----- 2.8456308841705322
    epoch_beam_loss ----- 3.156907796859741
  cross validation: 
    validation_loss ----- 3.167266368865967
    validation_power_loss ----- 2.9928603172302246
    validation_beam_loss ----- 2.9928603172302246
epoch = 38: 
    epoch_loss ----- 3.0028793811798096
    epoch_power_loss ----- 2.845285654067993
    epoch_beam_loss ----- 3.160475492477417
  cross validation: 
    validation_loss ----- 3.1869072914123535
    validation_power_loss ----- 3.008389472961426
    validation_beam_loss ----- 3.008389472961426
epoch = 39: 
    epoch_loss ----- 3.0060949325561523
    epoch_power_loss ----- 2.848405361175537
    epoch_beam_loss ----- 3.1637825965881348
  cross validation: 
    validation_loss ----- 3.1915056705474854
    validation_power_loss ----- 3.0222978591918945
    validation_beam_loss ----- 3.0222978591918945
epoch = 40: 
    epoch_loss ----- 2.9949989318847656
    epoch_power_loss ----- 2.841017723083496
    epoch_beam_loss ----- 3.1489808559417725
  cross validation: 
    validation_loss ----- 3.172898769378662
    validation_power_loss ----- 3.0026285648345947
    validation_beam_loss ----- 3.0026285648345947
epoch = 41: 
    epoch_loss ----- 2.9975204467773438
    epoch_power_loss ----- 2.8357832431793213
    epoch_beam_loss ----- 3.159254789352417
  cross validation: 
    validation_loss ----- 3.174731492996216
    validation_power_loss ----- 3.0175442695617676
    validation_beam_loss ----- 3.0175442695617676
epoch = 42: 
    epoch_loss ----- 2.9918575286865234
    epoch_power_loss ----- 2.838653087615967
    epoch_beam_loss ----- 3.1450603008270264
  cross validation: 
    validation_loss ----- 3.155994415283203
    validation_power_loss ----- 2.9883291721343994
    validation_beam_loss ----- 2.9883291721343994
epoch = 43: 
    epoch_loss ----- 2.9987730979919434
    epoch_power_loss ----- 2.8421669006347656
    epoch_beam_loss ----- 3.155383348464966
  cross validation: 
    validation_loss ----- 3.1955337524414062
    validation_power_loss ----- 2.9856374263763428
    validation_beam_loss ----- 2.9856374263763428
epoch = 44: 
    epoch_loss ----- 2.9962151050567627
    epoch_power_loss ----- 2.8440823554992676
    epoch_beam_loss ----- 3.1483490467071533
  cross validation: 
    validation_loss ----- 3.187368869781494
    validation_power_loss ----- 3.056394100189209
    validation_beam_loss ----- 3.056394100189209
epoch = 45: 
    epoch_loss ----- 2.9905617237091064
    epoch_power_loss ----- 2.8445398807525635
    epoch_beam_loss ----- 3.1365857124328613
  cross validation: 
    validation_loss ----- 3.1816813945770264
    validation_power_loss ----- 3.0195772647857666
    validation_beam_loss ----- 3.0195772647857666
epoch = 46: 
    epoch_loss ----- 2.986295461654663
    epoch_power_loss ----- 2.8335750102996826
    epoch_beam_loss ----- 3.1390130519866943
  cross validation: 
    validation_loss ----- 3.195807456970215
    validation_power_loss ----- 3.0305213928222656
    validation_beam_loss ----- 3.0305213928222656
epoch = 47: 
    epoch_loss ----- 2.986467123031616
    epoch_power_loss ----- 2.83244252204895
    epoch_beam_loss ----- 3.1404922008514404
  cross validation: 
    validation_loss ----- 3.199878692626953
    validation_power_loss ----- 3.020538330078125
    validation_beam_loss ----- 3.020538330078125
epoch = 48: 
    epoch_loss ----- 2.9743640422821045
    epoch_power_loss ----- 2.826361894607544
    epoch_beam_loss ----- 3.122370719909668
  cross validation: 
    validation_loss ----- 3.323760747909546
    validation_power_loss ----- 3.229437828063965
    validation_beam_loss ----- 3.229437828063965
epoch = 49: 
    epoch_loss ----- 2.9835376739501953
    epoch_power_loss ----- 2.8373372554779053
    epoch_beam_loss ----- 3.1297361850738525
  cross validation: 
    validation_loss ----- 3.15849232673645
    validation_power_loss ----- 3.0251455307006836
    validation_beam_loss ----- 3.0251455307006836
epoch = 50: 
    epoch_loss ----- 2.9798877239227295
    epoch_power_loss ----- 2.8295156955718994
    epoch_beam_loss ----- 3.1302525997161865
  cross validation: 
    validation_loss ----- 3.260068893432617
    validation_power_loss ----- 3.028294086456299
    validation_beam_loss ----- 3.028294086456299
epoch = 51: 
    epoch_loss ----- 2.9819512367248535
    epoch_power_loss ----- 2.8309051990509033
    epoch_beam_loss ----- 3.1329944133758545
  cross validation: 
    validation_loss ----- 3.1335411071777344
    validation_power_loss ----- 2.9931867122650146
    validation_beam_loss ----- 2.9931867122650146
epoch = 52: 
    epoch_loss ----- 2.972120761871338
    epoch_power_loss ----- 2.823463201522827
    epoch_beam_loss ----- 3.120784282684326
  cross validation: 
    validation_loss ----- 3.2608144283294678
    validation_power_loss ----- 3.121053457260132
    validation_beam_loss ----- 3.121053457260132
epoch = 53: 
    epoch_loss ----- 2.9777352809906006
    epoch_power_loss ----- 2.8336641788482666
    epoch_beam_loss ----- 3.12180495262146
  cross validation: 
    validation_loss ----- 3.1259453296661377
    validation_power_loss ----- 2.9888195991516113
    validation_beam_loss ----- 2.9888195991516113
epoch = 54: 
    epoch_loss ----- 2.9778892993927
    epoch_power_loss ----- 2.826322078704834
    epoch_beam_loss ----- 3.129450559616089
  cross validation: 
    validation_loss ----- 3.1447391510009766
    validation_power_loss ----- 3.0091195106506348
    validation_beam_loss ----- 3.0091195106506348
epoch = 55: 
    epoch_loss ----- 2.9631731510162354
    epoch_power_loss ----- 2.817405939102173
    epoch_beam_loss ----- 3.108938694000244
  cross validation: 
    validation_loss ----- 3.1441993713378906
    validation_power_loss ----- 2.979109764099121
    validation_beam_loss ----- 2.979109764099121
epoch = 56: 
    epoch_loss ----- 2.9684906005859375
    epoch_power_loss ----- 2.8163981437683105
    epoch_beam_loss ----- 3.1205854415893555
  cross validation: 
    validation_loss ----- 3.146836280822754
    validation_power_loss ----- 2.998840808868408
    validation_beam_loss ----- 2.998840808868408
epoch = 57: 
    epoch_loss ----- 2.9743881225585938
    epoch_power_loss ----- 2.828979969024658
    epoch_beam_loss ----- 3.1197969913482666
  cross validation: 
    validation_loss ----- 3.1934070587158203
    validation_power_loss ----- 3.0358400344848633
    validation_beam_loss ----- 3.0358400344848633
epoch = 58: 
    epoch_loss ----- 2.9714467525482178
    epoch_power_loss ----- 2.8316147327423096
    epoch_beam_loss ----- 3.1112773418426514
  cross validation: 
    validation_loss ----- 3.149475336074829
    validation_power_loss ----- 3.0103158950805664
    validation_beam_loss ----- 3.0103158950805664
epoch = 59: 
    epoch_loss ----- 2.959568738937378
    epoch_power_loss ----- 2.8153488636016846
    epoch_beam_loss ----- 3.1037862300872803
  cross validation: 
    validation_loss ----- 3.1536905765533447
    validation_power_loss ----- 2.976470947265625
    validation_beam_loss ----- 2.976470947265625
epoch = 60: 
    epoch_loss ----- 2.96862530708313
    epoch_power_loss ----- 2.823150396347046
    epoch_beam_loss ----- 3.114102602005005
  cross validation: 
    validation_loss ----- 3.197157859802246
    validation_power_loss ----- 3.0445961952209473
    validation_beam_loss ----- 3.0445961952209473
epoch = 61: 
    epoch_loss ----- 2.968212366104126
    epoch_power_loss ----- 2.817394733428955
    epoch_beam_loss ----- 3.119028329849243
  cross validation: 
    validation_loss ----- 3.147207498550415
    validation_power_loss ----- 2.9671061038970947
    validation_beam_loss ----- 2.9671061038970947
epoch = 62: 
    epoch_loss ----- 2.9658496379852295
    epoch_power_loss ----- 2.818861961364746
    epoch_beam_loss ----- 3.1128387451171875
  cross validation: 
    validation_loss ----- 3.1040143966674805
    validation_power_loss ----- 2.9561798572540283
    validation_beam_loss ----- 2.9561798572540283
epoch = 63: 
    epoch_loss ----- 2.966942071914673
    epoch_power_loss ----- 2.8211474418640137
    epoch_beam_loss ----- 3.1127374172210693
  cross validation: 
    validation_loss ----- 3.1664633750915527
    validation_power_loss ----- 2.9954416751861572
    validation_beam_loss ----- 2.9954416751861572
epoch = 64: 
    epoch_loss ----- 2.966526985168457
    epoch_power_loss ----- 2.8153605461120605
    epoch_beam_loss ----- 3.117694854736328
  cross validation: 
    validation_loss ----- 3.168236255645752
    validation_power_loss ----- 2.990081548690796
    validation_beam_loss ----- 2.990081548690796
epoch = 65: 
    epoch_loss ----- 2.968188524246216
    epoch_power_loss ----- 2.8183252811431885
    epoch_beam_loss ----- 3.118051052093506
  cross validation: 
    validation_loss ----- 3.1512317657470703
    validation_power_loss ----- 2.983478546142578
    validation_beam_loss ----- 2.983478546142578
epoch = 66: 
    epoch_loss ----- 2.9635324478149414
    epoch_power_loss ----- 2.8130364418029785
    epoch_beam_loss ----- 3.1140289306640625
  cross validation: 
    validation_loss ----- 3.1667027473449707
    validation_power_loss ----- 2.980621576309204
    validation_beam_loss ----- 2.980621576309204
epoch = 67: 
    epoch_loss ----- 2.9555633068084717
    epoch_power_loss ----- 2.810725212097168
    epoch_beam_loss ----- 3.10040283203125
  cross validation: 
    validation_loss ----- 3.133925199508667
    validation_power_loss ----- 3.0319619178771973
    validation_beam_loss ----- 3.0319619178771973
epoch = 68: 
    epoch_loss ----- 2.9633350372314453
    epoch_power_loss ----- 2.8170254230499268
    epoch_beam_loss ----- 3.109642744064331
  cross validation: 
    validation_loss ----- 3.130733013153076
    validation_power_loss ----- 2.9836347103118896
    validation_beam_loss ----- 2.9836347103118896
epoch = 69: 
    epoch_loss ----- 2.9617056846618652
    epoch_power_loss ----- 2.8177502155303955
    epoch_beam_loss ----- 3.105663537979126
  cross validation: 
    validation_loss ----- 3.1830320358276367
    validation_power_loss ----- 2.9899442195892334
    validation_beam_loss ----- 2.9899442195892334
epoch = 70: 
    epoch_loss ----- 2.9494264125823975
    epoch_power_loss ----- 2.8148889541625977
    epoch_beam_loss ----- 3.08396053314209
  cross validation: 
    validation_loss ----- 3.1735522747039795
    validation_power_loss ----- 2.957993507385254
    validation_beam_loss ----- 2.957993507385254
epoch = 71: 
    epoch_loss ----- 2.9585013389587402
    epoch_power_loss ----- 2.818037271499634
    epoch_beam_loss ----- 3.098966360092163
  cross validation: 
    validation_loss ----- 3.1362016201019287
    validation_power_loss ----- 2.9774904251098633
    validation_beam_loss ----- 2.9774904251098633
epoch = 72: 
    epoch_loss ----- 2.9576632976531982
    epoch_power_loss ----- 2.806307315826416
    epoch_beam_loss ----- 3.1090164184570312
  cross validation: 
    validation_loss ----- 3.137765407562256
    validation_power_loss ----- 2.991523027420044
    validation_beam_loss ----- 2.991523027420044
epoch = 73: 
    epoch_loss ----- 2.956099033355713
    epoch_power_loss ----- 2.8112847805023193
    epoch_beam_loss ----- 3.100917339324951
  cross validation: 
    validation_loss ----- 3.252192735671997
    validation_power_loss ----- 3.049079418182373
    validation_beam_loss ----- 3.049079418182373
epoch = 74: 
    epoch_loss ----- 2.9496262073516846
    epoch_power_loss ----- 2.8126039505004883
    epoch_beam_loss ----- 3.086651563644409
  cross validation: 
    validation_loss ----- 3.111431121826172
    validation_power_loss ----- 2.9627420902252197
    validation_beam_loss ----- 2.9627420902252197
epoch = 75: 
    epoch_loss ----- 2.965735912322998
    epoch_power_loss ----- 2.8162500858306885
    epoch_beam_loss ----- 3.115222692489624
  cross validation: 
    validation_loss ----- 3.1596362590789795
    validation_power_loss ----- 3.002570629119873
    validation_beam_loss ----- 3.002570629119873
epoch = 76: 
    epoch_loss ----- 2.9541375637054443
    epoch_power_loss ----- 2.8138959407806396
    epoch_beam_loss ----- 3.0943777561187744
  cross validation: 
    validation_loss ----- 3.093414545059204
    validation_power_loss ----- 2.960862159729004
    validation_beam_loss ----- 2.960862159729004
epoch = 77: 
    epoch_loss ----- 2.9570839405059814
    epoch_power_loss ----- 2.807218313217163
    epoch_beam_loss ----- 3.1069490909576416
  cross validation: 
    validation_loss ----- 3.1410748958587646
    validation_power_loss ----- 3.03133487701416
    validation_beam_loss ----- 3.03133487701416
epoch = 78: 
    epoch_loss ----- 2.94415020942688
    epoch_power_loss ----- 2.802933692932129
    epoch_beam_loss ----- 3.085364818572998
  cross validation: 
    validation_loss ----- 3.1620941162109375
    validation_power_loss ----- 2.99453067779541
    validation_beam_loss ----- 2.99453067779541
epoch = 79: 
    epoch_loss ----- 2.9491703510284424
    epoch_power_loss ----- 2.804142713546753
    epoch_beam_loss ----- 3.0941965579986572
  cross validation: 
    validation_loss ----- 3.118520498275757
    validation_power_loss ----- 2.973452091217041
    validation_beam_loss ----- 2.973452091217041
epoch = 80: 
    epoch_loss ----- 2.93668532371521
    epoch_power_loss ----- 2.7977135181427
    epoch_beam_loss ----- 3.075655460357666
  cross validation: 
    validation_loss ----- 3.121184825897217
    validation_power_loss ----- 2.964088201522827
    validation_beam_loss ----- 2.964088201522827
epoch = 81: 
    epoch_loss ----- 2.9505696296691895
    epoch_power_loss ----- 2.805072069168091
    epoch_beam_loss ----- 3.0960662364959717
  cross validation: 
    validation_loss ----- 3.113579750061035
    validation_power_loss ----- 2.984837532043457
    validation_beam_loss ----- 2.984837532043457
epoch = 82: 
    epoch_loss ----- 2.9438436031341553
    epoch_power_loss ----- 2.7979323863983154
    epoch_beam_loss ----- 3.089761257171631
  cross validation: 
    validation_loss ----- 3.1379570960998535
    validation_power_loss ----- 2.954463005065918
    validation_beam_loss ----- 2.954463005065918
epoch = 83: 
    epoch_loss ----- 2.9446914196014404
    epoch_power_loss ----- 2.8057796955108643
    epoch_beam_loss ----- 3.0836029052734375
  cross validation: 
    validation_loss ----- 3.1970510482788086
    validation_power_loss ----- 2.984729528427124
    validation_beam_loss ----- 2.984729528427124
epoch = 84: 
    epoch_loss ----- 2.9404332637786865
    epoch_power_loss ----- 2.800760507583618
    epoch_beam_loss ----- 3.0801055431365967
  cross validation: 
    validation_loss ----- 3.13588547706604
    validation_power_loss ----- 2.946845293045044
    validation_beam_loss ----- 2.946845293045044
epoch = 85: 
    epoch_loss ----- 2.9421193599700928
    epoch_power_loss ----- 2.8099803924560547
    epoch_beam_loss ----- 3.074251174926758
  cross validation: 
    validation_loss ----- 3.1823768615722656
    validation_power_loss ----- 3.0146055221557617
    validation_beam_loss ----- 3.0146055221557617
epoch = 86: 
    epoch_loss ----- 2.936614513397217
    epoch_power_loss ----- 2.8001856803894043
    epoch_beam_loss ----- 3.073042392730713
  cross validation: 
    validation_loss ----- 3.157320737838745
    validation_power_loss ----- 3.048394203186035
    validation_beam_loss ----- 3.048394203186035
epoch = 87: 
    epoch_loss ----- 2.941911458969116
    epoch_power_loss ----- 2.8045051097869873
    epoch_beam_loss ----- 3.079322576522827
  cross validation: 
    validation_loss ----- 3.170133352279663
    validation_power_loss ----- 2.9916892051696777
    validation_beam_loss ----- 2.9916892051696777
epoch = 88: 
    epoch_loss ----- 2.9492034912109375
    epoch_power_loss ----- 2.808168649673462
    epoch_beam_loss ----- 3.090237855911255
  cross validation: 
    validation_loss ----- 3.171175956726074
    validation_power_loss ----- 3.0000476837158203
    validation_beam_loss ----- 3.0000476837158203
epoch = 89: 
    epoch_loss ----- 2.935450315475464
    epoch_power_loss ----- 2.807518482208252
    epoch_beam_loss ----- 3.063382387161255
  cross validation: 
    validation_loss ----- 3.1589136123657227
    validation_power_loss ----- 2.99784779548645
    validation_beam_loss ----- 2.99784779548645
epoch = 90: 
    epoch_loss ----- 2.9300625324249268
    epoch_power_loss ----- 2.7890121936798096
    epoch_beam_loss ----- 3.0711143016815186
  cross validation: 
    validation_loss ----- 3.137589931488037
    validation_power_loss ----- 2.9977762699127197
    validation_beam_loss ----- 2.9977762699127197
epoch = 91: 
    epoch_loss ----- 2.94342041015625
    epoch_power_loss ----- 2.808570384979248
    epoch_beam_loss ----- 3.0782668590545654
  cross validation: 
    validation_loss ----- 3.1626687049865723
    validation_power_loss ----- 2.9966540336608887
    validation_beam_loss ----- 2.9966540336608887
epoch = 92: 
    epoch_loss ----- 2.9381275177001953
    epoch_power_loss ----- 2.798725128173828
    epoch_beam_loss ----- 3.0775299072265625
  cross validation: 
    validation_loss ----- 3.143678665161133
    validation_power_loss ----- 2.9815690517425537
    validation_beam_loss ----- 2.9815690517425537
epoch = 93: 
    epoch_loss ----- 2.936541795730591
    epoch_power_loss ----- 2.794808864593506
    epoch_beam_loss ----- 3.078272581100464
  cross validation: 
    validation_loss ----- 3.147437572479248
    validation_power_loss ----- 3.003039836883545
    validation_beam_loss ----- 3.003039836883545
epoch = 94: 
    epoch_loss ----- 2.9362761974334717
    epoch_power_loss ----- 2.79597806930542
    epoch_beam_loss ----- 3.0765719413757324
  cross validation: 
    validation_loss ----- 3.121490955352783
    validation_power_loss ----- 2.948110342025757
    validation_beam_loss ----- 2.948110342025757
epoch = 95: 
    epoch_loss ----- 2.9361724853515625
    epoch_power_loss ----- 2.79205584526062
    epoch_beam_loss ----- 3.080289840698242
  cross validation: 
    validation_loss ----- 3.1368141174316406
    validation_power_loss ----- 2.9793572425842285
    validation_beam_loss ----- 2.9793572425842285
epoch = 96: 
    epoch_loss ----- 2.9346108436584473
    epoch_power_loss ----- 2.791594982147217
    epoch_beam_loss ----- 3.0776259899139404
  cross validation: 
    validation_loss ----- 3.1515636444091797
    validation_power_loss ----- 3.003629207611084
    validation_beam_loss ----- 3.003629207611084
epoch = 97: 
    epoch_loss ----- 2.9361164569854736
    epoch_power_loss ----- 2.7913331985473633
    epoch_beam_loss ----- 3.0809028148651123
  cross validation: 
    validation_loss ----- 3.094355583190918
    validation_power_loss ----- 2.9545834064483643
    validation_beam_loss ----- 2.9545834064483643
epoch = 98: 
    epoch_loss ----- 2.9292938709259033
    epoch_power_loss ----- 2.7950356006622314
    epoch_beam_loss ----- 3.0635533332824707
  cross validation: 
    validation_loss ----- 3.1261186599731445
    validation_power_loss ----- 2.98801326751709
    validation_beam_loss ----- 2.98801326751709
epoch = 99: 
    epoch_loss ----- 2.925938367843628
    epoch_power_loss ----- 2.7924022674560547
    epoch_beam_loss ----- 3.0594751834869385
  cross validation: 
    validation_loss ----- 3.1109790802001953
    validation_power_loss ----- 2.9524149894714355
    validation_beam_loss ----- 2.9524149894714355
epoch = 100: 
    epoch_loss ----- 2.929819107055664
    epoch_power_loss ----- 2.793276786804199
    epoch_beam_loss ----- 3.066354751586914
  cross validation: 
    validation_loss ----- 3.1381492614746094
    validation_power_loss ----- 2.96824049949646
    validation_beam_loss ----- 2.96824049949646
----------------------------FINISH----------------------------------


