-----------------------NETWORK CONFIG-------------------------------
DATE: 2021-05-16, TIME: 12:47:30
num_exp = 10, learning_rate = 0.001
num_of_iterations = 100, mini_batch_size = 16,
layers = [1024, 1024, 1024, 1024]
-----------------------------END------------------------------------
start overall process 1:
iter= 1, reward= 4.58, time elapsed= 22 (s)
iter= 2, reward= 4.52, time elapsed= 44 (s)
iter= 3, reward= 4.18, time elapsed= 65 (s)
iter= 4, reward= 4.12, time elapsed= 86 (s)
iter= 5, reward= 4.22, time elapsed= 107 (s)
iter= 6, reward= 4.33, time elapsed= 128 (s)
iter= 7, reward= 4.15, time elapsed= 150 (s)
iter= 8, reward= 4.22, time elapsed= 171 (s)
iter= 9, reward= 4.27, time elapsed= 192 (s)
iter= 10, reward= 4.20, time elapsed= 212 (s)
iter= 11, reward= 4.59, time elapsed= 233 (s)
iter= 12, reward= 4.62, time elapsed= 255 (s)
iter= 13, reward= 4.76, time elapsed= 276 (s)
iter= 14, reward= 4.62, time elapsed= 297 (s)
iter= 15, reward= 4.66, time elapsed= 318 (s)
iter= 16, reward= 4.64, time elapsed= 339 (s)
iter= 17, reward= 4.66, time elapsed= 360 (s)
iter= 18, reward= 4.67, time elapsed= 381 (s)
iter= 19, reward= 4.65, time elapsed= 402 (s)
iter= 20, reward= 4.59, time elapsed= 423 (s)
iter= 21, reward= 5.46, time elapsed= 444 (s)
iter= 22, reward= 5.33, time elapsed= 465 (s)
iter= 23, reward= 5.31, time elapsed= 486 (s)
iter= 24, reward= 5.56, time elapsed= 507 (s)
iter= 25, reward= 5.28, time elapsed= 528 (s)
iter= 26, reward= 5.66, time elapsed= 549 (s)
iter= 27, reward= 5.77, time elapsed= 570 (s)
iter= 28, reward= 5.95, time elapsed= 591 (s)
iter= 29, reward= 5.90, time elapsed= 611 (s)
iter= 30, reward= 5.76, time elapsed= 632 (s)
iter= 31, reward= 5.93, time elapsed= 653 (s)
iter= 32, reward= 5.83, time elapsed= 674 (s)
iter= 33, reward= 5.91, time elapsed= 695 (s)
iter= 34, reward= 5.76, time elapsed= 716 (s)
iter= 35, reward= 5.79, time elapsed= 737 (s)
iter= 36, reward= 5.74, time elapsed= 758 (s)
iter= 37, reward= 5.78, time elapsed= 779 (s)
iter= 38, reward= 5.74, time elapsed= 800 (s)
iter= 39, reward= 5.69, time elapsed= 821 (s)
iter= 40, reward= 5.61, time elapsed= 842 (s)
iter= 41, reward= 5.57, time elapsed= 863 (s)
iter= 42, reward= 5.68, time elapsed= 884 (s)
iter= 43, reward= 5.94, time elapsed= 905 (s)
iter= 44, reward= 5.80, time elapsed= 926 (s)
iter= 45, reward= 5.60, time elapsed= 947 (s)
iter= 46, reward= 5.79, time elapsed= 968 (s)
iter= 47, reward= 5.76, time elapsed= 989 (s)
iter= 48, reward= 5.77, time elapsed= 1010 (s)
iter= 49, reward= 5.84, time elapsed= 1030 (s)
iter= 50, reward= 5.88, time elapsed= 1051 (s)
iter= 51, reward= 5.61, time elapsed= 1072 (s)
iter= 52, reward= 5.83, time elapsed= 1093 (s)
iter= 53, reward= 5.71, time elapsed= 1114 (s)
iter= 54, reward= 5.74, time elapsed= 1135 (s)
iter= 55, reward= 5.61, time elapsed= 1156 (s)
iter= 56, reward= 5.62, time elapsed= 1177 (s)
iter= 57, reward= 5.31, time elapsed= 1198 (s)
iter= 58, reward= 5.49, time elapsed= 1219 (s)
iter= 59, reward= 5.44, time elapsed= 1240 (s)
iter= 60, reward= 5.55, time elapsed= 1261 (s)
iter= 61, reward= 5.53, time elapsed= 1282 (s)
iter= 62, reward= 5.59, time elapsed= 1303 (s)
iter= 63, reward= 5.62, time elapsed= 1324 (s)
iter= 64, reward= 5.59, time elapsed= 1345 (s)
iter= 65, reward= 5.41, time elapsed= 1365 (s)
iter= 66, reward= 5.41, time elapsed= 1386 (s)
iter= 67, reward= 5.24, time elapsed= 1407 (s)
iter= 68, reward= 5.27, time elapsed= 1428 (s)
iter= 69, reward= 5.29, time elapsed= 1449 (s)
iter= 70, reward= 5.34, time elapsed= 1470 (s)
iter= 71, reward= 5.66, time elapsed= 1491 (s)
iter= 72, reward= 5.54, time elapsed= 1512 (s)
iter= 73, reward= 5.64, time elapsed= 1533 (s)
iter= 74, reward= 5.70, time elapsed= 1554 (s)
iter= 75, reward= 5.62, time elapsed= 1575 (s)
iter= 76, reward= 5.43, time elapsed= 1596 (s)
iter= 77, reward= 5.50, time elapsed= 1617 (s)
iter= 78, reward= 5.73, time elapsed= 1638 (s)
iter= 79, reward= 5.65, time elapsed= 1659 (s)
iter= 80, reward= 5.84, time elapsed= 1680 (s)
iter= 81, reward= 5.63, time elapsed= 1701 (s)
iter= 82, reward= 5.88, time elapsed= 1722 (s)
iter= 83, reward= 5.77, time elapsed= 1743 (s)
iter= 84, reward= 5.82, time elapsed= 1764 (s)
iter= 85, reward= 5.70, time elapsed= 1785 (s)
iter= 86, reward= 5.78, time elapsed= 1805 (s)
iter= 87, reward= 5.73, time elapsed= 1826 (s)
iter= 88, reward= 5.74, time elapsed= 1847 (s)
iter= 89, reward= 5.59, time elapsed= 1868 (s)
iter= 90, reward= 5.50, time elapsed= 1889 (s)
iter= 91, reward= 5.75, time elapsed= 1910 (s)
iter= 92, reward= 5.92, time elapsed= 1931 (s)
iter= 93, reward= 5.80, time elapsed= 1952 (s)
iter= 94, reward= 5.98, time elapsed= 1973 (s)
iter= 95, reward= 5.87, time elapsed= 1994 (s)
iter= 96, reward= 5.92, time elapsed= 2015 (s)
iter= 97, reward= 5.92, time elapsed= 2036 (s)
iter= 98, reward= 5.89, time elapsed= 2057 (s)
iter= 99, reward= 5.80, time elapsed= 2078 (s)
iter= 100, reward= 5.72, time elapsed= 2099 (s)
max_reward= 5.98


